[ 2018-09-10T14:23:12+08:00 ] ::1 /zzhclass/index.php/Home/index/data
ERR: 非法操作:data

[ 2018-09-10T15:27:02+08:00 ] ::1 /zzhclass/index.php/Home/index/data
ERR: 非法操作:data

[ 2018-09-10T15:27:12+08:00 ] ::1 /zzhclass/index.php/Home/index/data
ERR: 非法操作:data

[ 2018-09-10T15:27:14+08:00 ] ::1 /zzhclass/index.php/Home/index/data
ERR: 非法操作:data

[ 2018-09-10T15:27:32+08:00 ] ::1 /zzhclass/index.php/Home/index/data1
ERR: SQLSTATE[HY000] [1044] Access denied for user ''@'localhost' to database 'xiaojun'

[ 2018-09-10T15:27:34+08:00 ] ::1 /zzhclass/index.php/Home/index/data1
ERR: SQLSTATE[HY000] [1044] Access denied for user ''@'localhost' to database 'xiaojun'

[ 2018-09-10T17:22:13+08:00 ] ::1 /zzhclass/index.php/Home/index/data1
INFO: [ app_init ] --START--
INFO: Run Behavior\BuildLiteBehavior [ RunTime:0.000037s ]
INFO: [ app_init ] --END-- [ RunTime:0.009721s ]
INFO: [ app_begin ] --START--
INFO: Run Behavior\ReadHtmlCacheBehavior [ RunTime:0.012873s ]
INFO: [ app_begin ] --END-- [ RunTime:0.013018s ]
SQL: SHOW COLUMNS FROM `user` [ RunTime:0.0158s ]
SQL: SELECT * FROM `user`  [ RunTime:0.0003s ]
ERR: 模板不存在:./jian/Home/View/Index/data1.html

[ 2018-09-10T17:24:23+08:00 ] ::1 /zzhclass/index.php/Home/index/data1
INFO: [ app_init ] --START--
INFO: Run Behavior\BuildLiteBehavior [ RunTime:0.000022s ]
INFO: [ app_init ] --END-- [ RunTime:0.000921s ]
INFO: [ app_begin ] --START--
INFO: Run Behavior\ReadHtmlCacheBehavior [ RunTime:0.001436s ]
INFO: [ app_begin ] --END-- [ RunTime:0.001554s ]
SQL: SHOW COLUMNS FROM `user` [ RunTime:0.0106s ]
SQL: SELECT * FROM `user`  [ RunTime:0.0003s ]
INFO: [ view_parse ] --START--
INFO: [ template_filter ] --START--
INFO: Run Behavior\ContentReplaceBehavior [ RunTime:0.041480s ]
INFO: [ template_filter ] --END-- [ RunTime:0.041618s ]
INFO: Run Behavior\ParseTemplateBehavior [ RunTime:0.052038s ]
INFO: [ view_parse ] --END-- [ RunTime:0.052160s ]
INFO: [ view_filter ] --START--
INFO: Run Behavior\WriteHtmlCacheBehavior [ RunTime:0.014085s ]
INFO: [ view_filter ] --END-- [ RunTime:0.014199s ]
INFO: [ app_end ] --START--
INFO: Run Behavior\ShowPageTraceBehavior [ RunTime:0.001606s ]
INFO: [ app_end ] --END-- [ RunTime:0.001723s ]

[ 2018-09-10T17:26:31+08:00 ] ::1 /zzhclass/index.php/Home/index/data1
INFO: [ app_init ] --START--
INFO: Run Behavior\BuildLiteBehavior [ RunTime:0.000026s ]
INFO: [ app_init ] --END-- [ RunTime:0.001006s ]
INFO: [ app_begin ] --START--
INFO: Run Behavior\ReadHtmlCacheBehavior [ RunTime:0.001881s ]
INFO: [ app_begin ] --END-- [ RunTime:0.002018s ]
SQL: SHOW COLUMNS FROM `user` [ RunTime:0.0204s ]
SQL: SELECT * FROM `user`  [ RunTime:0.0003s ]
INFO: [ view_parse ] --START--
INFO: [ template_filter ] --START--
INFO: Run Behavior\ContentReplaceBehavior [ RunTime:0.000063s ]
INFO: [ template_filter ] --END-- [ RunTime:0.000183s ]
INFO: Run Behavior\ParseTemplateBehavior [ RunTime:0.016054s ]
INFO: [ view_parse ] --END-- [ RunTime:0.016177s ]
INFO: [ view_filter ] --START--
INFO: Run Behavior\WriteHtmlCacheBehavior [ RunTime:0.001120s ]
INFO: [ view_filter ] --END-- [ RunTime:0.001214s ]
INFO: [ app_end ] --START--
INFO: Run Behavior\ShowPageTraceBehavior [ RunTime:0.001266s ]
INFO: [ app_end ] --END-- [ RunTime:0.001361s ]

[ 2018-09-10T17:26:32+08:00 ] ::1 /zzhclass/index.php/Home/index/data1
INFO: [ app_init ] --START--
INFO: Run Behavior\BuildLiteBehavior [ RunTime:0.000027s ]
INFO: [ app_init ] --END-- [ RunTime:0.000868s ]
INFO: [ app_begin ] --START--
INFO: Run Behavior\ReadHtmlCacheBehavior [ RunTime:0.001187s ]
INFO: [ app_begin ] --END-- [ RunTime:0.001311s ]
SQL: SHOW COLUMNS FROM `user` [ RunTime:0.0106s ]
SQL: SELECT * FROM `user`  [ RunTime:0.0003s ]
INFO: [ view_parse ] --START--
INFO: [ template_filter ] --START--
INFO: Run Behavior\ContentReplaceBehavior [ RunTime:0.000056s ]
INFO: [ template_filter ] --END-- [ RunTime:0.000168s ]
INFO: Run Behavior\ParseTemplateBehavior [ RunTime:0.007222s ]
INFO: [ view_parse ] --END-- [ RunTime:0.007333s ]
INFO: [ view_filter ] --START--
INFO: Run Behavior\WriteHtmlCacheBehavior [ RunTime:0.000870s ]
INFO: [ view_filter ] --END-- [ RunTime:0.000964s ]
INFO: [ app_end ] --START--
INFO: Run Behavior\ShowPageTraceBehavior [ RunTime:0.001036s ]
INFO: [ app_end ] --END-- [ RunTime:0.001132s ]

[ 2018-09-10T17:26:32+08:00 ] ::1 /zzhclass/index.php/Home/index/data1
INFO: [ app_init ] --START--
INFO: Run Behavior\BuildLiteBehavior [ RunTime:0.000021s ]
INFO: [ app_init ] --END-- [ RunTime:0.000732s ]
INFO: [ app_begin ] --START--
INFO: Run Behavior\ReadHtmlCacheBehavior [ RunTime:0.001091s ]
INFO: [ app_begin ] --END-- [ RunTime:0.001202s ]
SQL: SHOW COLUMNS FROM `user` [ RunTime:0.0104s ]
SQL: SELECT * FROM `user`  [ RunTime:0.0003s ]
INFO: [ view_parse ] --START--
INFO: [ template_filter ] --START--
INFO: Run Behavior\ContentReplaceBehavior [ RunTime:0.000059s ]
INFO: [ template_filter ] --END-- [ RunTime:0.000181s ]
INFO: Run Behavior\ParseTemplateBehavior [ RunTime:0.007773s ]
INFO: [ view_parse ] --END-- [ RunTime:0.007888s ]
INFO: [ view_filter ] --START--
INFO: Run Behavior\WriteHtmlCacheBehavior [ RunTime:0.000913s ]
INFO: [ view_filter ] --END-- [ RunTime:0.001023s ]
INFO: [ app_end ] --START--
INFO: Run Behavior\ShowPageTraceBehavior [ RunTime:0.001035s ]
INFO: [ app_end ] --END-- [ RunTime:0.001139s ]

[ 2018-09-10T17:26:32+08:00 ] ::1 /zzhclass/index.php/Home/index/data1
INFO: [ app_init ] --START--
INFO: Run Behavior\BuildLiteBehavior [ RunTime:0.000020s ]
INFO: [ app_init ] --END-- [ RunTime:0.000739s ]
INFO: [ app_begin ] --START--
INFO: Run Behavior\ReadHtmlCacheBehavior [ RunTime:0.001116s ]
INFO: [ app_begin ] --END-- [ RunTime:0.001225s ]
SQL: SHOW COLUMNS FROM `user` [ RunTime:0.0199s ]
SQL: SELECT * FROM `user`  [ RunTime:0.0002s ]
INFO: [ view_parse ] --START--
INFO: [ template_filter ] --START--
INFO: Run Behavior\ContentReplaceBehavior [ RunTime:0.000057s ]
INFO: [ template_filter ] --END-- [ RunTime:0.000173s ]
INFO: Run Behavior\ParseTemplateBehavior [ RunTime:0.007686s ]
INFO: [ view_parse ] --END-- [ RunTime:0.007805s ]
INFO: [ view_filter ] --START--
INFO: Run Behavior\WriteHtmlCacheBehavior [ RunTime:0.000917s ]
INFO: [ view_filter ] --END-- [ RunTime:0.001026s ]
INFO: [ app_end ] --START--
INFO: Run Behavior\ShowPageTraceBehavior [ RunTime:0.001051s ]
INFO: [ app_end ] --END-- [ RunTime:0.001147s ]

[ 2018-09-10T17:28:51+08:00 ] ::1 /zzhclass/index.php/Home/index/data1
INFO: [ app_init ] --START--
INFO: Run Behavior\BuildLiteBehavior [ RunTime:0.000024s ]
INFO: [ app_init ] --END-- [ RunTime:0.000910s ]
INFO: [ app_begin ] --START--
INFO: Run Behavior\ReadHtmlCacheBehavior [ RunTime:0.001431s ]
INFO: [ app_begin ] --END-- [ RunTime:0.001538s ]
SQL: SHOW COLUMNS FROM `user` [ RunTime:0.0194s ]
SQL: SELECT * FROM `user`  [ RunTime:0.0003s ]
INFO: [ view_parse ] --START--
INFO: [ template_filter ] --START--
INFO: Run Behavior\ContentReplaceBehavior [ RunTime:0.000096s ]
INFO: [ template_filter ] --END-- [ RunTime:0.000283s ]
NOTIC: [8] Use of undefined constant id - assumed 'id' C:\wamp\www\zzhclass\jian\Runtime\Cache\Home\493fca4e1f79f6398ed3b58f70df73a8.php 第 13 行.
NOTIC: [8] Use of undefined constant title - assumed 'title' C:\wamp\www\zzhclass\jian\Runtime\Cache\Home\493fca4e1f79f6398ed3b58f70df73a8.php 第 13 行.
NOTIC: [8] Undefined index: title C:\wamp\www\zzhclass\jian\Runtime\Cache\Home\493fca4e1f79f6398ed3b58f70df73a8.php 第 13 行.
NOTIC: [8] Use of undefined constant text - assumed 'text' C:\wamp\www\zzhclass\jian\Runtime\Cache\Home\493fca4e1f79f6398ed3b58f70df73a8.php 第 13 行.
NOTIC: [8] Undefined index: text C:\wamp\www\zzhclass\jian\Runtime\Cache\Home\493fca4e1f79f6398ed3b58f70df73a8.php 第 13 行.
NOTIC: [8] Use of undefined constant id - assumed 'id' C:\wamp\www\zzhclass\jian\Runtime\Cache\Home\493fca4e1f79f6398ed3b58f70df73a8.php 第 13 行.
NOTIC: [8] Use of undefined constant title - assumed 'title' C:\wamp\www\zzhclass\jian\Runtime\Cache\Home\493fca4e1f79f6398ed3b58f70df73a8.php 第 13 行.
NOTIC: [8] Undefined index: title C:\wamp\www\zzhclass\jian\Runtime\Cache\Home\493fca4e1f79f6398ed3b58f70df73a8.php 第 13 行.
NOTIC: [8] Use of undefined constant text - assumed 'text' C:\wamp\www\zzhclass\jian\Runtime\Cache\Home\493fca4e1f79f6398ed3b58f70df73a8.php 第 13 行.
NOTIC: [8] Undefined index: text C:\wamp\www\zzhclass\jian\Runtime\Cache\Home\493fca4e1f79f6398ed3b58f70df73a8.php 第 13 行.
INFO: Run Behavior\ParseTemplateBehavior [ RunTime:0.105846s ]
INFO: [ view_parse ] --END-- [ RunTime:0.105981s ]
INFO: [ view_filter ] --START--
INFO: Run Behavior\WriteHtmlCacheBehavior [ RunTime:0.001857s ]
INFO: [ view_filter ] --END-- [ RunTime:0.002011s ]
INFO: [ app_end ] --START--
INFO: Run Behavior\ShowPageTraceBehavior [ RunTime:0.002020s ]
INFO: [ app_end ] --END-- [ RunTime:0.002166s ]

[ 2018-09-10T17:29:06+08:00 ] ::1 /zzhclass/
INFO: [ app_init ] --START--
INFO: Run Behavior\BuildLiteBehavior [ RunTime:0.000021s ]
INFO: [ app_init ] --END-- [ RunTime:0.000741s ]
INFO: [ app_begin ] --START--
INFO: Run Behavior\ReadHtmlCacheBehavior [ RunTime:0.001090s ]
INFO: [ app_begin ] --END-- [ RunTime:0.001204s ]
INFO: [ view_parse ] --START--
INFO: Run Behavior\ParseTemplateBehavior [ RunTime:0.024813s ]
INFO: [ view_parse ] --END-- [ RunTime:0.025206s ]
INFO: [ view_filter ] --START--
INFO: Run Behavior\WriteHtmlCacheBehavior [ RunTime:0.001230s ]
INFO: [ view_filter ] --END-- [ RunTime:0.001518s ]
INFO: [ app_end ] --START--
INFO: Run Behavior\ShowPageTraceBehavior [ RunTime:0.001202s ]
INFO: [ app_end ] --END-- [ RunTime:0.001313s ]

[ 2018-09-10T17:29:42+08:00 ] ::1 /zzhclass/index.php/Home/index/data1
INFO: [ app_init ] --START--
INFO: Run Behavior\BuildLiteBehavior [ RunTime:0.000027s ]
INFO: [ app_init ] --END-- [ RunTime:0.001628s ]
INFO: [ app_begin ] --START--
INFO: Run Behavior\ReadHtmlCacheBehavior [ RunTime:0.003647s ]
INFO: [ app_begin ] --END-- [ RunTime:0.003778s ]
SQL: SHOW COLUMNS FROM `user` [ RunTime:0.0183s ]
SQL: SELECT * FROM `user`  [ RunTime:0.0003s ]
INFO: [ view_parse ] --START--
INFO: [ template_filter ] --START--
INFO: Run Behavior\ContentReplaceBehavior [ RunTime:0.000056s ]
INFO: [ template_filter ] --END-- [ RunTime:0.000162s ]
NOTIC: [8] Use of undefined constant id - assumed 'id' C:\wamp\www\zzhclass\jian\Runtime\Cache\Home\493fca4e1f79f6398ed3b58f70df73a8.php 第 13 行.
NOTIC: [8] Use of undefined constant pass - assumed 'pass' C:\wamp\www\zzhclass\jian\Runtime\Cache\Home\493fca4e1f79f6398ed3b58f70df73a8.php 第 13 行.
NOTIC: [8] Use of undefined constant time - assumed 'time' C:\wamp\www\zzhclass\jian\Runtime\Cache\Home\493fca4e1f79f6398ed3b58f70df73a8.php 第 13 行.
NOTIC: [8] Use of undefined constant statu - assumed 'statu' C:\wamp\www\zzhclass\jian\Runtime\Cache\Home\493fca4e1f79f6398ed3b58f70df73a8.php 第 13 行.
NOTIC: [8] Use of undefined constant id - assumed 'id' C:\wamp\www\zzhclass\jian\Runtime\Cache\Home\493fca4e1f79f6398ed3b58f70df73a8.php 第 13 行.
NOTIC: [8] Use of undefined constant pass - assumed 'pass' C:\wamp\www\zzhclass\jian\Runtime\Cache\Home\493fca4e1f79f6398ed3b58f70df73a8.php 第 13 行.
NOTIC: [8] Use of undefined constant time - assumed 'time' C:\wamp\www\zzhclass\jian\Runtime\Cache\Home\493fca4e1f79f6398ed3b58f70df73a8.php 第 13 行.
NOTIC: [8] Use of undefined constant statu - assumed 'statu' C:\wamp\www\zzhclass\jian\Runtime\Cache\Home\493fca4e1f79f6398ed3b58f70df73a8.php 第 13 行.
INFO: Run Behavior\ParseTemplateBehavior [ RunTime:0.018776s ]
INFO: [ view_parse ] --END-- [ RunTime:0.018881s ]
INFO: [ view_filter ] --START--
INFO: Run Behavior\WriteHtmlCacheBehavior [ RunTime:0.002288s ]
INFO: [ view_filter ] --END-- [ RunTime:0.002402s ]
INFO: [ app_end ] --START--
INFO: Run Behavior\ShowPageTraceBehavior [ RunTime:0.002615s ]
INFO: [ app_end ] --END-- [ RunTime:0.002721s ]

[ 2018-09-10T17:29:43+08:00 ] ::1 /zzhclass/index.php/Home/index/data1
INFO: [ app_init ] --START--
INFO: Run Behavior\BuildLiteBehavior [ RunTime:0.000021s ]
INFO: [ app_init ] --END-- [ RunTime:0.001078s ]
INFO: [ app_begin ] --START--
INFO: Run Behavior\ReadHtmlCacheBehavior [ RunTime:0.002332s ]
INFO: [ app_begin ] --END-- [ RunTime:0.002447s ]
SQL: SHOW COLUMNS FROM `user` [ RunTime:0.0139s ]
SQL: SELECT * FROM `user`  [ RunTime:0.0003s ]
INFO: [ view_parse ] --START--
INFO: [ template_filter ] --START--
INFO: Run Behavior\ContentReplaceBehavior [ RunTime:0.000062s ]
INFO: [ template_filter ] --END-- [ RunTime:0.000166s ]
NOTIC: [8] Use of undefined constant id - assumed 'id' C:\wamp\www\zzhclass\jian\Runtime\Cache\Home\493fca4e1f79f6398ed3b58f70df73a8.php 第 13 行.
NOTIC: [8] Use of undefined constant pass - assumed 'pass' C:\wamp\www\zzhclass\jian\Runtime\Cache\Home\493fca4e1f79f6398ed3b58f70df73a8.php 第 13 行.
NOTIC: [8] Use of undefined constant time - assumed 'time' C:\wamp\www\zzhclass\jian\Runtime\Cache\Home\493fca4e1f79f6398ed3b58f70df73a8.php 第 13 行.
NOTIC: [8] Use of undefined constant statu - assumed 'statu' C:\wamp\www\zzhclass\jian\Runtime\Cache\Home\493fca4e1f79f6398ed3b58f70df73a8.php 第 13 行.
NOTIC: [8] Use of undefined constant id - assumed 'id' C:\wamp\www\zzhclass\jian\Runtime\Cache\Home\493fca4e1f79f6398ed3b58f70df73a8.php 第 13 行.
NOTIC: [8] Use of undefined constant pass - assumed 'pass' C:\wamp\www\zzhclass\jian\Runtime\Cache\Home\493fca4e1f79f6398ed3b58f70df73a8.php 第 13 行.
NOTIC: [8] Use of undefined constant time - assumed 'time' C:\wamp\www\zzhclass\jian\Runtime\Cache\Home\493fca4e1f79f6398ed3b58f70df73a8.php 第 13 行.
NOTIC: [8] Use of undefined constant statu - assumed 'statu' C:\wamp\www\zzhclass\jian\Runtime\Cache\Home\493fca4e1f79f6398ed3b58f70df73a8.php 第 13 行.
INFO: Run Behavior\ParseTemplateBehavior [ RunTime:0.015990s ]
INFO: [ view_parse ] --END-- [ RunTime:0.016107s ]
INFO: [ view_filter ] --START--
INFO: Run Behavior\WriteHtmlCacheBehavior [ RunTime:0.002257s ]
INFO: [ view_filter ] --END-- [ RunTime:0.002356s ]
INFO: [ app_end ] --START--
INFO: Run Behavior\ShowPageTraceBehavior [ RunTime:0.002255s ]
INFO: [ app_end ] --END-- [ RunTime:0.002357s ]

[ 2018-09-10T17:29:53+08:00 ] ::1 /zzhclass/index.php/Home/index/data1
INFO: [ app_init ] --START--
INFO: Run Behavior\BuildLiteBehavior [ RunTime:0.000025s ]
INFO: [ app_init ] --END-- [ RunTime:0.002748s ]
INFO: [ app_begin ] --START--
INFO: Run Behavior\ReadHtmlCacheBehavior [ RunTime:0.002269s ]
INFO: [ app_begin ] --END-- [ RunTime:0.002382s ]
SQL: SHOW COLUMNS FROM `user` [ RunTime:0.1047s ]
SQL: SELECT * FROM `user`  [ RunTime:0.0008s ]
INFO: [ view_parse ] --START--
INFO: [ template_filter ] --START--
INFO: Run Behavior\ContentReplaceBehavior [ RunTime:0.000172s ]
INFO: [ template_filter ] --END-- [ RunTime:0.000497s ]
NOTIC: [8] Use of undefined constant id - assumed 'id' C:\wamp\www\zzhclass\jian\Runtime\Cache\Home\493fca4e1f79f6398ed3b58f70df73a8.php 第 13 行.
NOTIC: [8] Use of undefined constant pass - assumed 'pass' C:\wamp\www\zzhclass\jian\Runtime\Cache\Home\493fca4e1f79f6398ed3b58f70df73a8.php 第 13 行.
NOTIC: [8] Use of undefined constant time - assumed 'time' C:\wamp\www\zzhclass\jian\Runtime\Cache\Home\493fca4e1f79f6398ed3b58f70df73a8.php 第 13 行.
NOTIC: [8] Use of undefined constant statu - assumed 'statu' C:\wamp\www\zzhclass\jian\Runtime\Cache\Home\493fca4e1f79f6398ed3b58f70df73a8.php 第 13 行.
NOTIC: [8] Use of undefined constant id - assumed 'id' C:\wamp\www\zzhclass\jian\Runtime\Cache\Home\493fca4e1f79f6398ed3b58f70df73a8.php 第 13 行.
NOTIC: [8] Use of undefined constant pass - assumed 'pass' C:\wamp\www\zzhclass\jian\Runtime\Cache\Home\493fca4e1f79f6398ed3b58f70df73a8.php 第 13 行.
NOTIC: [8] Use of undefined constant time - assumed 'time' C:\wamp\www\zzhclass\jian\Runtime\Cache\Home\493fca4e1f79f6398ed3b58f70df73a8.php 第 13 行.
NOTIC: [8] Use of undefined constant statu - assumed 'statu' C:\wamp\www\zzhclass\jian\Runtime\Cache\Home\493fca4e1f79f6398ed3b58f70df73a8.php 第 13 行.
INFO: Run Behavior\ParseTemplateBehavior [ RunTime:0.052702s ]
INFO: [ view_parse ] --END-- [ RunTime:0.053085s ]
INFO: [ view_filter ] --START--
INFO: Run Behavior\WriteHtmlCacheBehavior [ RunTime:0.004980s ]
INFO: [ view_filter ] --END-- [ RunTime:0.005217s ]
INFO: [ app_end ] --START--
INFO: Run Behavior\ShowPageTraceBehavior [ RunTime:0.005466s ]
INFO: [ app_end ] --END-- [ RunTime:0.005654s ]

[ 2018-09-10T17:30:01+08:00 ] ::1 /zzhclass/index.php/Home/index/data1
INFO: [ app_init ] --START--
INFO: Run Behavior\BuildLiteBehavior [ RunTime:0.000020s ]
INFO: [ app_init ] --END-- [ RunTime:0.001082s ]
INFO: [ app_begin ] --START--
INFO: Run Behavior\ReadHtmlCacheBehavior [ RunTime:0.002234s ]
INFO: [ app_begin ] --END-- [ RunTime:0.002340s ]
SQL: SHOW COLUMNS FROM `user` [ RunTime:0.0161s ]
SQL: SELECT * FROM `user`  [ RunTime:0.0002s ]
INFO: [ view_parse ] --START--
INFO: [ template_filter ] --START--
INFO: Run Behavior\ContentReplaceBehavior [ RunTime:0.000058s ]
INFO: [ template_filter ] --END-- [ RunTime:0.000170s ]

[ 2018-09-10T17:30:06+08:00 ] ::1 /zzhclass/index.php/Home/index/data1
INFO: [ app_init ] --START--
INFO: Run Behavior\BuildLiteBehavior [ RunTime:0.000023s ]
INFO: [ app_init ] --END-- [ RunTime:0.001073s ]
INFO: [ app_begin ] --START--
INFO: Run Behavior\ReadHtmlCacheBehavior [ RunTime:0.002333s ]
INFO: [ app_begin ] --END-- [ RunTime:0.002449s ]
SQL: SHOW COLUMNS FROM `user` [ RunTime:0.0114s ]
SQL: SELECT * FROM `user`  [ RunTime:0.0002s ]
INFO: [ view_parse ] --START--
INFO: [ template_filter ] --START--
INFO: Run Behavior\ContentReplaceBehavior [ RunTime:0.000053s ]
INFO: [ template_filter ] --END-- [ RunTime:0.000153s ]
NOTIC: [8] Use of undefined constant id - assumed 'id' C:\wamp\www\zzhclass\jian\Runtime\Cache\Home\493fca4e1f79f6398ed3b58f70df73a8.php 第 13 行.
NOTIC: [8] Use of undefined constant pass - assumed 'pass' C:\wamp\www\zzhclass\jian\Runtime\Cache\Home\493fca4e1f79f6398ed3b58f70df73a8.php 第 13 行.
NOTIC: [8] Use of undefined constant time - assumed 'time' C:\wamp\www\zzhclass\jian\Runtime\Cache\Home\493fca4e1f79f6398ed3b58f70df73a8.php 第 13 行.
NOTIC: [8] Use of undefined constant statu - assumed 'statu' C:\wamp\www\zzhclass\jian\Runtime\Cache\Home\493fca4e1f79f6398ed3b58f70df73a8.php 第 13 行.
NOTIC: [8] Use of undefined constant id - assumed 'id' C:\wamp\www\zzhclass\jian\Runtime\Cache\Home\493fca4e1f79f6398ed3b58f70df73a8.php 第 13 行.
NOTIC: [8] Use of undefined constant pass - assumed 'pass' C:\wamp\www\zzhclass\jian\Runtime\Cache\Home\493fca4e1f79f6398ed3b58f70df73a8.php 第 13 行.
NOTIC: [8] Use of undefined constant time - assumed 'time' C:\wamp\www\zzhclass\jian\Runtime\Cache\Home\493fca4e1f79f6398ed3b58f70df73a8.php 第 13 行.
NOTIC: [8] Use of undefined constant statu - assumed 'statu' C:\wamp\www\zzhclass\jian\Runtime\Cache\Home\493fca4e1f79f6398ed3b58f70df73a8.php 第 13 行.
INFO: Run Behavior\ParseTemplateBehavior [ RunTime:0.016106s ]
INFO: [ view_parse ] --END-- [ RunTime:0.016212s ]
INFO: [ view_filter ] --START--
INFO: Run Behavior\WriteHtmlCacheBehavior [ RunTime:0.002317s ]
INFO: [ view_filter ] --END-- [ RunTime:0.002414s ]
INFO: [ app_end ] --START--
INFO: Run Behavior\ShowPageTraceBehavior [ RunTime:0.002474s ]
INFO: [ app_end ] --END-- [ RunTime:0.002577s ]

