[ 2018-12-06T09:37:30+08:00 ] ::1 /zzhclass/index.php/Home/Index/index
INFO: [ app_init ] --START--
INFO: Run Behavior\BuildLiteBehavior [ RunTime:0.000028s ]
INFO: [ app_init ] --END-- [ RunTime:0.001167s ]
INFO: [ app_begin ] --START--
INFO: Run Behavior\ReadHtmlCacheBehavior [ RunTime:0.001811s ]
INFO: [ app_begin ] --END-- [ RunTime:0.001937s ]
INFO: [ view_parse ] --START--
INFO: Run Behavior\ParseTemplateBehavior [ RunTime:0.001527s ]
INFO: [ view_parse ] --END-- [ RunTime:0.001643s ]
INFO: [ view_filter ] --START--
INFO: Run Behavior\WriteHtmlCacheBehavior [ RunTime:0.001438s ]
INFO: [ view_filter ] --END-- [ RunTime:0.001541s ]
INFO: [ app_end ] --START--
INFO: Run Behavior\ShowPageTraceBehavior [ RunTime:0.001612s ]
INFO: [ app_end ] --END-- [ RunTime:0.001719s ]

[ 2018-12-06T09:46:29+08:00 ] ::1 /zzhclass/index.php/Home/Index/urls
INFO: [ app_init ] --START--
INFO: Run Behavior\BuildLiteBehavior [ RunTime:0.000025s ]
INFO: [ app_init ] --END-- [ RunTime:0.002271s ]
INFO: [ app_begin ] --START--
INFO: Run Behavior\ReadHtmlCacheBehavior [ RunTime:0.002965s ]
INFO: [ app_begin ] --END-- [ RunTime:0.003102s ]
INFO: [ app_end ] --START--
INFO: Run Behavior\ShowPageTraceBehavior [ RunTime:0.001697s ]
INFO: [ app_end ] --END-- [ RunTime:0.001817s ]

[ 2018-12-06T09:51:07+08:00 ] ::1 /zzhclass/index.php/Home/Index/urls
INFO: [ app_init ] --START--
INFO: Run Behavior\BuildLiteBehavior [ RunTime:0.000023s ]
INFO: [ app_init ] --END-- [ RunTime:0.001197s ]
INFO: [ app_begin ] --START--
INFO: Run Behavior\ReadHtmlCacheBehavior [ RunTime:0.001747s ]
INFO: [ app_begin ] --END-- [ RunTime:0.001864s ]
INFO: [ app_end ] --START--
INFO: Run Behavior\ShowPageTraceBehavior [ RunTime:0.001880s ]
INFO: [ app_end ] --END-- [ RunTime:0.002260s ]

[ 2018-12-06T09:51:07+08:00 ] ::1 /zzhclass/index.php/Home/Index/urls
INFO: [ app_init ] --START--
INFO: Run Behavior\BuildLiteBehavior [ RunTime:0.000025s ]
INFO: [ app_init ] --END-- [ RunTime:0.000869s ]
INFO: [ app_begin ] --START--
INFO: Run Behavior\ReadHtmlCacheBehavior [ RunTime:0.001273s ]
INFO: [ app_begin ] --END-- [ RunTime:0.001391s ]
INFO: [ app_end ] --START--
INFO: Run Behavior\ShowPageTraceBehavior [ RunTime:0.001265s ]
INFO: [ app_end ] --END-- [ RunTime:0.001378s ]

[ 2018-12-06T09:51:57+08:00 ] ::1 /zzhclass/index.php/Home/Index/urls
INFO: [ app_init ] --START--
INFO: Run Behavior\BuildLiteBehavior [ RunTime:0.000028s ]
INFO: [ app_init ] --END-- [ RunTime:0.000889s ]
INFO: [ app_begin ] --START--
INFO: Run Behavior\ReadHtmlCacheBehavior [ RunTime:0.001392s ]
INFO: [ app_begin ] --END-- [ RunTime:0.001513s ]
INFO: [ app_end ] --START--
INFO: Run Behavior\ShowPageTraceBehavior [ RunTime:0.001393s ]
INFO: [ app_end ] --END-- [ RunTime:0.001514s ]

[ 2018-12-06T09:51:58+08:00 ] ::1 /zzhclass/index.php/Home/Index/urls
INFO: [ app_init ] --START--
INFO: Run Behavior\BuildLiteBehavior [ RunTime:0.000026s ]
INFO: [ app_init ] --END-- [ RunTime:0.000983s ]
INFO: [ app_begin ] --START--
INFO: Run Behavior\ReadHtmlCacheBehavior [ RunTime:0.001297s ]
INFO: [ app_begin ] --END-- [ RunTime:0.001420s ]
INFO: [ app_end ] --START--
INFO: Run Behavior\ShowPageTraceBehavior [ RunTime:0.001281s ]
INFO: [ app_end ] --END-- [ RunTime:0.001395s ]

[ 2018-12-06T09:51:58+08:00 ] ::1 /zzhclass/index.php/Home/Index/urls
INFO: [ app_init ] --START--
INFO: Run Behavior\BuildLiteBehavior [ RunTime:0.000025s ]
INFO: [ app_init ] --END-- [ RunTime:0.000886s ]
INFO: [ app_begin ] --START--
INFO: Run Behavior\ReadHtmlCacheBehavior [ RunTime:0.001248s ]
INFO: [ app_begin ] --END-- [ RunTime:0.001367s ]
INFO: [ app_end ] --START--
INFO: Run Behavior\ShowPageTraceBehavior [ RunTime:0.001328s ]
INFO: [ app_end ] --END-- [ RunTime:0.001447s ]

[ 2018-12-06T09:56:18+08:00 ] ::1 /zzhclass/index.php?m=Home&c=Index&a=index
INFO: [ app_init ] --START--
INFO: Run Behavior\BuildLiteBehavior [ RunTime:0.000024s ]
INFO: [ app_init ] --END-- [ RunTime:0.001036s ]
INFO: [ app_begin ] --START--
INFO: Run Behavior\ReadHtmlCacheBehavior [ RunTime:0.001858s ]
INFO: [ app_begin ] --END-- [ RunTime:0.001973s ]
INFO: [ view_parse ] --START--
INFO: Run Behavior\ParseTemplateBehavior [ RunTime:0.001427s ]
INFO: [ view_parse ] --END-- [ RunTime:0.001532s ]
INFO: [ view_filter ] --START--
INFO: Run Behavior\WriteHtmlCacheBehavior [ RunTime:0.001368s ]
INFO: [ view_filter ] --END-- [ RunTime:0.001461s ]
INFO: [ app_end ] --START--
INFO: Run Behavior\ShowPageTraceBehavior [ RunTime:0.001540s ]
INFO: [ app_end ] --END-- [ RunTime:0.001636s ]

[ 2018-12-06T09:56:22+08:00 ] ::1 /zzhclass/index.php?m=Home&c=Index&a=urls
INFO: [ app_init ] --START--
INFO: Run Behavior\BuildLiteBehavior [ RunTime:0.000023s ]
INFO: [ app_init ] --END-- [ RunTime:0.000968s ]
INFO: [ app_begin ] --START--
INFO: Run Behavior\ReadHtmlCacheBehavior [ RunTime:0.001274s ]
INFO: [ app_begin ] --END-- [ RunTime:0.001386s ]
INFO: [ app_end ] --START--
INFO: Run Behavior\ShowPageTraceBehavior [ RunTime:0.002236s ]
INFO: [ app_end ] --END-- [ RunTime:0.002387s ]

[ 2018-12-06T09:56:39+08:00 ] ::1 /zzhclass/index.php?m=Home&c=Index&a=urls
INFO: [ app_init ] --START--
INFO: Run Behavior\BuildLiteBehavior [ RunTime:0.000021s ]
INFO: [ app_init ] --END-- [ RunTime:0.000976s ]
INFO: [ app_begin ] --START--
INFO: Run Behavior\ReadHtmlCacheBehavior [ RunTime:0.001792s ]
INFO: [ app_begin ] --END-- [ RunTime:0.001906s ]
INFO: [ app_end ] --START--
INFO: Run Behavior\ShowPageTraceBehavior [ RunTime:0.001756s ]
INFO: [ app_end ] --END-- [ RunTime:0.001883s ]

[ 2018-12-06T09:56:39+08:00 ] ::1 /zzhclass/index.php?m=Home&c=Index&a=urls
INFO: [ app_init ] --START--
INFO: Run Behavior\BuildLiteBehavior [ RunTime:0.000022s ]
INFO: [ app_init ] --END-- [ RunTime:0.000824s ]
INFO: [ app_begin ] --START--
INFO: Run Behavior\ReadHtmlCacheBehavior [ RunTime:0.001291s ]
INFO: [ app_begin ] --END-- [ RunTime:0.001407s ]
INFO: [ app_end ] --START--
INFO: Run Behavior\ShowPageTraceBehavior [ RunTime:0.001255s ]
INFO: [ app_end ] --END-- [ RunTime:0.001361s ]

[ 2018-12-06T09:56:40+08:00 ] ::1 /zzhclass/index.php?m=Home&c=Index&a=urls
INFO: [ app_init ] --START--
INFO: Run Behavior\BuildLiteBehavior [ RunTime:0.000023s ]
INFO: [ app_init ] --END-- [ RunTime:0.000890s ]
INFO: [ app_begin ] --START--
INFO: Run Behavior\ReadHtmlCacheBehavior [ RunTime:0.001235s ]
INFO: [ app_begin ] --END-- [ RunTime:0.001344s ]
INFO: [ app_end ] --START--
INFO: Run Behavior\ShowPageTraceBehavior [ RunTime:0.001325s ]
INFO: [ app_end ] --END-- [ RunTime:0.001448s ]

[ 2018-12-06T09:56:40+08:00 ] ::1 /zzhclass/index.php?m=Home&c=Index&a=urls
INFO: [ app_init ] --START--
INFO: Run Behavior\BuildLiteBehavior [ RunTime:0.000023s ]
INFO: [ app_init ] --END-- [ RunTime:0.000885s ]
INFO: [ app_begin ] --START--
INFO: Run Behavior\ReadHtmlCacheBehavior [ RunTime:0.001295s ]
INFO: [ app_begin ] --END-- [ RunTime:0.001422s ]
INFO: [ app_end ] --START--
INFO: Run Behavior\ShowPageTraceBehavior [ RunTime:0.001306s ]
INFO: [ app_end ] --END-- [ RunTime:0.001414s ]

[ 2018-12-06T09:56:40+08:00 ] ::1 /zzhclass/index.php?m=Home&c=Index&a=urls
INFO: [ app_init ] --START--
INFO: Run Behavior\BuildLiteBehavior [ RunTime:0.000023s ]
INFO: [ app_init ] --END-- [ RunTime:0.000881s ]
INFO: [ app_begin ] --START--
INFO: Run Behavior\ReadHtmlCacheBehavior [ RunTime:0.001317s ]
INFO: [ app_begin ] --END-- [ RunTime:0.001433s ]
INFO: [ app_end ] --START--
INFO: Run Behavior\ShowPageTraceBehavior [ RunTime:0.001335s ]
INFO: [ app_end ] --END-- [ RunTime:0.001445s ]

[ 2018-12-06T09:56:40+08:00 ] ::1 /zzhclass/index.php?m=Home&c=Index&a=urls
INFO: [ app_init ] --START--
INFO: Run Behavior\BuildLiteBehavior [ RunTime:0.000021s ]
INFO: [ app_init ] --END-- [ RunTime:0.000838s ]
INFO: [ app_begin ] --START--
INFO: Run Behavior\ReadHtmlCacheBehavior [ RunTime:0.001256s ]
INFO: [ app_begin ] --END-- [ RunTime:0.001371s ]
INFO: [ app_end ] --START--
INFO: Run Behavior\ShowPageTraceBehavior [ RunTime:0.001436s ]
INFO: [ app_end ] --END-- [ RunTime:0.001554s ]

[ 2018-12-06T09:56:40+08:00 ] ::1 /zzhclass/index.php?m=Home&c=Index&a=urls
INFO: [ app_init ] --START--
INFO: Run Behavior\BuildLiteBehavior [ RunTime:0.000023s ]
INFO: [ app_init ] --END-- [ RunTime:0.000858s ]
INFO: [ app_begin ] --START--
INFO: Run Behavior\ReadHtmlCacheBehavior [ RunTime:0.001224s ]
INFO: [ app_begin ] --END-- [ RunTime:0.001333s ]
INFO: [ app_end ] --START--
INFO: Run Behavior\ShowPageTraceBehavior [ RunTime:0.001492s ]
INFO: [ app_end ] --END-- [ RunTime:0.001608s ]

[ 2018-12-06T09:56:41+08:00 ] ::1 /zzhclass/index.php?m=Home&c=Index&a=urls
INFO: [ app_init ] --START--
INFO: Run Behavior\BuildLiteBehavior [ RunTime:0.000023s ]
INFO: [ app_init ] --END-- [ RunTime:0.000861s ]
INFO: [ app_begin ] --START--
INFO: Run Behavior\ReadHtmlCacheBehavior [ RunTime:0.001242s ]
INFO: [ app_begin ] --END-- [ RunTime:0.001350s ]
INFO: [ app_end ] --START--
INFO: Run Behavior\ShowPageTraceBehavior [ RunTime:0.001276s ]
INFO: [ app_end ] --END-- [ RunTime:0.001383s ]

[ 2018-12-06T09:56:47+08:00 ] ::1 /zzhclass/index.php?m=Home&c=Index&ab=urls
INFO: [ app_init ] --START--
INFO: Run Behavior\BuildLiteBehavior [ RunTime:0.000026s ]
INFO: [ app_init ] --END-- [ RunTime:0.000947s ]
INFO: [ app_begin ] --START--
INFO: Run Behavior\ReadHtmlCacheBehavior [ RunTime:0.001611s ]
INFO: [ app_begin ] --END-- [ RunTime:0.001733s ]
INFO: [ view_parse ] --START--
INFO: Run Behavior\ParseTemplateBehavior [ RunTime:0.001171s ]
INFO: [ view_parse ] --END-- [ RunTime:0.001300s ]
INFO: [ view_filter ] --START--
INFO: Run Behavior\WriteHtmlCacheBehavior [ RunTime:0.001293s ]
INFO: [ view_filter ] --END-- [ RunTime:0.001440s ]
INFO: [ app_end ] --START--
INFO: Run Behavior\ShowPageTraceBehavior [ RunTime:0.001585s ]
INFO: [ app_end ] --END-- [ RunTime:0.001702s ]

[ 2018-12-06T09:56:54+08:00 ] ::1 /zzhclass/index.php?m=Home&c=Index&a=urls
INFO: [ app_init ] --START--
INFO: Run Behavior\BuildLiteBehavior [ RunTime:0.000023s ]
INFO: [ app_init ] --END-- [ RunTime:0.001008s ]
INFO: [ app_begin ] --START--
INFO: Run Behavior\ReadHtmlCacheBehavior [ RunTime:0.001351s ]
INFO: [ app_begin ] --END-- [ RunTime:0.001466s ]
INFO: [ app_end ] --START--
INFO: Run Behavior\ShowPageTraceBehavior [ RunTime:0.001454s ]
INFO: [ app_end ] --END-- [ RunTime:0.001568s ]

[ 2018-12-06T09:57:00+08:00 ] ::1 /zzhclass/index.php?m=Home&c=Index&a=urls
INFO: [ app_init ] --START--
INFO: Run Behavior\BuildLiteBehavior [ RunTime:0.000023s ]
INFO: [ app_init ] --END-- [ RunTime:0.000964s ]
INFO: [ app_begin ] --START--
INFO: Run Behavior\ReadHtmlCacheBehavior [ RunTime:0.001272s ]
INFO: [ app_begin ] --END-- [ RunTime:0.001382s ]
INFO: [ app_end ] --START--
INFO: Run Behavior\ShowPageTraceBehavior [ RunTime:0.001319s ]
INFO: [ app_end ] --END-- [ RunTime:0.001426s ]

[ 2018-12-06T09:57:01+08:00 ] ::1 /zzhclass/index.php?m=Home&c=Index&a=urls
INFO: [ app_init ] --START--
INFO: Run Behavior\BuildLiteBehavior [ RunTime:0.000023s ]
INFO: [ app_init ] --END-- [ RunTime:0.000888s ]
INFO: [ app_begin ] --START--
INFO: Run Behavior\ReadHtmlCacheBehavior [ RunTime:0.001243s ]
INFO: [ app_begin ] --END-- [ RunTime:0.001352s ]
INFO: [ app_end ] --START--
INFO: Run Behavior\ShowPageTraceBehavior [ RunTime:0.001275s ]
INFO: [ app_end ] --END-- [ RunTime:0.001384s ]

[ 2018-12-06T09:57:01+08:00 ] ::1 /zzhclass/index.php?m=Home&c=Index&a=urls
INFO: [ app_init ] --START--
INFO: Run Behavior\BuildLiteBehavior [ RunTime:0.000022s ]
INFO: [ app_init ] --END-- [ RunTime:0.000843s ]
INFO: [ app_begin ] --START--
INFO: Run Behavior\ReadHtmlCacheBehavior [ RunTime:0.001345s ]
INFO: [ app_begin ] --END-- [ RunTime:0.001461s ]
INFO: [ app_end ] --START--
INFO: Run Behavior\ShowPageTraceBehavior [ RunTime:0.001367s ]
INFO: [ app_end ] --END-- [ RunTime:0.001483s ]

[ 2018-12-06T09:57:02+08:00 ] ::1 /zzhclass/index.php?m=Home&c=Index&a=urls
INFO: [ app_init ] --START--
INFO: Run Behavior\BuildLiteBehavior [ RunTime:0.000021s ]
INFO: [ app_init ] --END-- [ RunTime:0.000824s ]
INFO: [ app_begin ] --START--
INFO: Run Behavior\ReadHtmlCacheBehavior [ RunTime:0.001248s ]
INFO: [ app_begin ] --END-- [ RunTime:0.001360s ]
INFO: [ app_end ] --START--
INFO: Run Behavior\ShowPageTraceBehavior [ RunTime:0.001251s ]
INFO: [ app_end ] --END-- [ RunTime:0.001357s ]

[ 2018-12-06T09:57:02+08:00 ] ::1 /zzhclass/index.php?m=Home&c=Index&a=urls
INFO: [ app_init ] --START--
INFO: Run Behavior\BuildLiteBehavior [ RunTime:0.000021s ]
INFO: [ app_init ] --END-- [ RunTime:0.000859s ]
INFO: [ app_begin ] --START--
INFO: Run Behavior\ReadHtmlCacheBehavior [ RunTime:0.001277s ]
INFO: [ app_begin ] --END-- [ RunTime:0.001387s ]
INFO: [ app_end ] --START--
INFO: Run Behavior\ShowPageTraceBehavior [ RunTime:0.001304s ]
INFO: [ app_end ] --END-- [ RunTime:0.001411s ]

[ 2018-12-06T09:57:02+08:00 ] ::1 /zzhclass/index.php?m=Home&c=Index&a=urls
INFO: [ app_init ] --START--
INFO: Run Behavior\BuildLiteBehavior [ RunTime:0.000022s ]
INFO: [ app_init ] --END-- [ RunTime:0.000850s ]
INFO: [ app_begin ] --START--
INFO: Run Behavior\ReadHtmlCacheBehavior [ RunTime:0.001273s ]
INFO: [ app_begin ] --END-- [ RunTime:0.001388s ]
INFO: [ app_end ] --START--
INFO: Run Behavior\ShowPageTraceBehavior [ RunTime:0.001557s ]
INFO: [ app_end ] --END-- [ RunTime:0.001706s ]

[ 2018-12-06T09:57:07+08:00 ] ::1 /zzhclass/index.php?m=Home&c=Index&a=data1
INFO: [ app_init ] --START--
INFO: Run Behavior\BuildLiteBehavior [ RunTime:0.000026s ]
INFO: [ app_init ] --END-- [ RunTime:0.000991s ]
INFO: [ app_begin ] --START--
INFO: Run Behavior\ReadHtmlCacheBehavior [ RunTime:0.001277s ]
INFO: [ app_begin ] --END-- [ RunTime:0.001391s ]
SQL: SHOW COLUMNS FROM `user` [ RunTime:0.0529s ]
SQL: SELECT * FROM `user`  [ RunTime:0.0010s ]
INFO: [ view_parse ] --START--
INFO: [ template_filter ] --START--
INFO: Run Behavior\ContentReplaceBehavior [ RunTime:0.000066s ]
INFO: [ template_filter ] --END-- [ RunTime:0.000169s ]
NOTIC: [8] Use of undefined constant id - assumed 'id' C:\wamp\www\zzhclass\jian\Runtime\Cache\Home\493fca4e1f79f6398ed3b58f70df73a8.php 第 13 行.
NOTIC: [8] Use of undefined constant pass - assumed 'pass' C:\wamp\www\zzhclass\jian\Runtime\Cache\Home\493fca4e1f79f6398ed3b58f70df73a8.php 第 13 行.
NOTIC: [8] Use of undefined constant time - assumed 'time' C:\wamp\www\zzhclass\jian\Runtime\Cache\Home\493fca4e1f79f6398ed3b58f70df73a8.php 第 13 行.
NOTIC: [8] Use of undefined constant statu - assumed 'statu' C:\wamp\www\zzhclass\jian\Runtime\Cache\Home\493fca4e1f79f6398ed3b58f70df73a8.php 第 13 行.
NOTIC: [8] Use of undefined constant id - assumed 'id' C:\wamp\www\zzhclass\jian\Runtime\Cache\Home\493fca4e1f79f6398ed3b58f70df73a8.php 第 13 行.
NOTIC: [8] Use of undefined constant pass - assumed 'pass' C:\wamp\www\zzhclass\jian\Runtime\Cache\Home\493fca4e1f79f6398ed3b58f70df73a8.php 第 13 行.
NOTIC: [8] Use of undefined constant time - assumed 'time' C:\wamp\www\zzhclass\jian\Runtime\Cache\Home\493fca4e1f79f6398ed3b58f70df73a8.php 第 13 行.
NOTIC: [8] Use of undefined constant statu - assumed 'statu' C:\wamp\www\zzhclass\jian\Runtime\Cache\Home\493fca4e1f79f6398ed3b58f70df73a8.php 第 13 行.
INFO: Run Behavior\ParseTemplateBehavior [ RunTime:0.090112s ]
INFO: [ view_parse ] --END-- [ RunTime:0.090226s ]
INFO: [ view_filter ] --START--
INFO: Run Behavior\WriteHtmlCacheBehavior [ RunTime:0.001275s ]
INFO: [ view_filter ] --END-- [ RunTime:0.001372s ]
INFO: [ app_end ] --START--
INFO: Run Behavior\ShowPageTraceBehavior [ RunTime:0.001338s ]
INFO: [ app_end ] --END-- [ RunTime:0.001441s ]

[ 2018-12-06T09:57:12+08:00 ] ::1 /zzhclass/index.php?m=Home&c=Index&ab=data1
INFO: [ app_init ] --START--
INFO: Run Behavior\BuildLiteBehavior [ RunTime:0.000023s ]
INFO: [ app_init ] --END-- [ RunTime:0.000927s ]
INFO: [ app_begin ] --START--
INFO: Run Behavior\ReadHtmlCacheBehavior [ RunTime:0.001314s ]
INFO: [ app_begin ] --END-- [ RunTime:0.001430s ]
INFO: [ view_parse ] --START--
INFO: Run Behavior\ParseTemplateBehavior [ RunTime:0.001044s ]
INFO: [ view_parse ] --END-- [ RunTime:0.001156s ]
INFO: [ view_filter ] --START--
INFO: Run Behavior\WriteHtmlCacheBehavior [ RunTime:0.001139s ]
INFO: [ view_filter ] --END-- [ RunTime:0.001233s ]
INFO: [ app_end ] --START--
INFO: Run Behavior\ShowPageTraceBehavior [ RunTime:0.001329s ]
INFO: [ app_end ] --END-- [ RunTime:0.001429s ]

[ 2018-12-06T09:57:17+08:00 ] ::1 /zzhclass/index.php?m=Home&c=Index&a=data1
INFO: [ app_init ] --START--
INFO: Run Behavior\BuildLiteBehavior [ RunTime:0.000023s ]
INFO: [ app_init ] --END-- [ RunTime:0.001073s ]
INFO: [ app_begin ] --START--
INFO: Run Behavior\ReadHtmlCacheBehavior [ RunTime:0.001320s ]
INFO: [ app_begin ] --END-- [ RunTime:0.001433s ]
SQL: SHOW COLUMNS FROM `user` [ RunTime:0.1059s ]
SQL: SELECT * FROM `user`  [ RunTime:0.0009s ]
INFO: [ view_parse ] --START--
INFO: [ template_filter ] --START--
INFO: Run Behavior\ContentReplaceBehavior [ RunTime:0.000054s ]
INFO: [ template_filter ] --END-- [ RunTime:0.000152s ]
NOTIC: [8] Use of undefined constant id - assumed 'id' C:\wamp\www\zzhclass\jian\Runtime\Cache\Home\493fca4e1f79f6398ed3b58f70df73a8.php 第 13 行.
NOTIC: [8] Use of undefined constant pass - assumed 'pass' C:\wamp\www\zzhclass\jian\Runtime\Cache\Home\493fca4e1f79f6398ed3b58f70df73a8.php 第 13 行.
NOTIC: [8] Use of undefined constant time - assumed 'time' C:\wamp\www\zzhclass\jian\Runtime\Cache\Home\493fca4e1f79f6398ed3b58f70df73a8.php 第 13 行.
NOTIC: [8] Use of undefined constant statu - assumed 'statu' C:\wamp\www\zzhclass\jian\Runtime\Cache\Home\493fca4e1f79f6398ed3b58f70df73a8.php 第 13 行.
NOTIC: [8] Use of undefined constant id - assumed 'id' C:\wamp\www\zzhclass\jian\Runtime\Cache\Home\493fca4e1f79f6398ed3b58f70df73a8.php 第 13 行.
NOTIC: [8] Use of undefined constant pass - assumed 'pass' C:\wamp\www\zzhclass\jian\Runtime\Cache\Home\493fca4e1f79f6398ed3b58f70df73a8.php 第 13 行.
NOTIC: [8] Use of undefined constant time - assumed 'time' C:\wamp\www\zzhclass\jian\Runtime\Cache\Home\493fca4e1f79f6398ed3b58f70df73a8.php 第 13 行.
NOTIC: [8] Use of undefined constant statu - assumed 'statu' C:\wamp\www\zzhclass\jian\Runtime\Cache\Home\493fca4e1f79f6398ed3b58f70df73a8.php 第 13 行.
INFO: Run Behavior\ParseTemplateBehavior [ RunTime:0.023236s ]
INFO: [ view_parse ] --END-- [ RunTime:0.023343s ]
INFO: [ view_filter ] --START--
INFO: Run Behavior\WriteHtmlCacheBehavior [ RunTime:0.001432s ]
INFO: [ view_filter ] --END-- [ RunTime:0.001525s ]
INFO: [ app_end ] --START--
INFO: Run Behavior\ShowPageTraceBehavior [ RunTime:0.001270s ]
INFO: [ app_end ] --END-- [ RunTime:0.001367s ]

[ 2018-12-06T09:59:03+08:00 ] ::1 /zzhclass/index.php?m=Home&c=Index&a=data1
INFO: [ app_init ] --START--
INFO: Run Behavior\BuildLiteBehavior [ RunTime:0.000022s ]
INFO: [ app_init ] --END-- [ RunTime:0.001082s ]
INFO: [ app_begin ] --START--
INFO: Run Behavior\ReadHtmlCacheBehavior [ RunTime:0.001858s ]
INFO: [ app_begin ] --END-- [ RunTime:0.002060s ]
SQL: SHOW COLUMNS FROM `user` [ RunTime:0.0168s ]
SQL: SELECT * FROM `user`  [ RunTime:0.0007s ]
INFO: [ view_parse ] --START--
INFO: [ template_filter ] --START--
INFO: Run Behavior\ContentReplaceBehavior [ RunTime:0.000055s ]
INFO: [ template_filter ] --END-- [ RunTime:0.000153s ]
NOTIC: [8] Use of undefined constant id - assumed 'id' C:\wamp\www\zzhclass\jian\Runtime\Cache\Home\493fca4e1f79f6398ed3b58f70df73a8.php 第 13 行.
NOTIC: [8] Use of undefined constant pass - assumed 'pass' C:\wamp\www\zzhclass\jian\Runtime\Cache\Home\493fca4e1f79f6398ed3b58f70df73a8.php 第 13 行.
NOTIC: [8] Use of undefined constant time - assumed 'time' C:\wamp\www\zzhclass\jian\Runtime\Cache\Home\493fca4e1f79f6398ed3b58f70df73a8.php 第 13 行.
NOTIC: [8] Use of undefined constant statu - assumed 'statu' C:\wamp\www\zzhclass\jian\Runtime\Cache\Home\493fca4e1f79f6398ed3b58f70df73a8.php 第 13 行.
NOTIC: [8] Use of undefined constant id - assumed 'id' C:\wamp\www\zzhclass\jian\Runtime\Cache\Home\493fca4e1f79f6398ed3b58f70df73a8.php 第 13 行.
NOTIC: [8] Use of undefined constant pass - assumed 'pass' C:\wamp\www\zzhclass\jian\Runtime\Cache\Home\493fca4e1f79f6398ed3b58f70df73a8.php 第 13 行.
NOTIC: [8] Use of undefined constant time - assumed 'time' C:\wamp\www\zzhclass\jian\Runtime\Cache\Home\493fca4e1f79f6398ed3b58f70df73a8.php 第 13 行.
NOTIC: [8] Use of undefined constant statu - assumed 'statu' C:\wamp\www\zzhclass\jian\Runtime\Cache\Home\493fca4e1f79f6398ed3b58f70df73a8.php 第 13 行.
INFO: Run Behavior\ParseTemplateBehavior [ RunTime:0.010721s ]
INFO: [ view_parse ] --END-- [ RunTime:0.010846s ]
INFO: [ view_filter ] --START--
INFO: Run Behavior\WriteHtmlCacheBehavior [ RunTime:0.001660s ]
INFO: [ view_filter ] --END-- [ RunTime:0.001759s ]
INFO: [ app_end ] --START--
INFO: Run Behavior\ShowPageTraceBehavior [ RunTime:0.001721s ]
INFO: [ app_end ] --END-- [ RunTime:0.001883s ]

[ 2018-12-06T09:59:06+08:00 ] ::1 /zzhclass/index.php?m=Home&c=Index&a=urls
INFO: [ app_init ] --START--
INFO: Run Behavior\BuildLiteBehavior [ RunTime:0.000027s ]
INFO: [ app_init ] --END-- [ RunTime:0.001069s ]
INFO: [ app_begin ] --START--
INFO: Run Behavior\ReadHtmlCacheBehavior [ RunTime:0.001341s ]
INFO: [ app_begin ] --END-- [ RunTime:0.001455s ]
INFO: [ app_end ] --START--
INFO: Run Behavior\ShowPageTraceBehavior [ RunTime:0.001649s ]
INFO: [ app_end ] --END-- [ RunTime:0.001761s ]

[ 2018-12-06T10:02:12+08:00 ] ::1 /zzhclass/index.php/Home/Index/index
INFO: [ app_init ] --START--
INFO: Run Behavior\BuildLiteBehavior [ RunTime:0.000022s ]
INFO: [ app_init ] --END-- [ RunTime:0.001057s ]
INFO: [ app_begin ] --START--
INFO: Run Behavior\ReadHtmlCacheBehavior [ RunTime:0.001726s ]
INFO: [ app_begin ] --END-- [ RunTime:0.001843s ]
INFO: [ view_parse ] --START--
INFO: Run Behavior\ParseTemplateBehavior [ RunTime:0.001721s ]
INFO: [ view_parse ] --END-- [ RunTime:0.001832s ]
INFO: [ view_filter ] --START--
INFO: Run Behavior\WriteHtmlCacheBehavior [ RunTime:0.001490s ]
INFO: [ view_filter ] --END-- [ RunTime:0.001587s ]
INFO: [ app_end ] --START--
INFO: Run Behavior\ShowPageTraceBehavior [ RunTime:0.001630s ]
INFO: [ app_end ] --END-- [ RunTime:0.001728s ]

[ 2018-12-06T10:02:18+08:00 ] ::1 /zzhclass/index.php/Home/Index/index
INFO: [ app_init ] --START--
INFO: Run Behavior\BuildLiteBehavior [ RunTime:0.000043s ]
INFO: [ app_init ] --END-- [ RunTime:0.001943s ]
INFO: [ app_begin ] --START--
INFO: Run Behavior\ReadHtmlCacheBehavior [ RunTime:0.001968s ]
INFO: [ app_begin ] --END-- [ RunTime:0.002092s ]
INFO: [ view_parse ] --START--
INFO: Run Behavior\ParseTemplateBehavior [ RunTime:0.001537s ]
INFO: [ view_parse ] --END-- [ RunTime:0.001650s ]
INFO: [ view_filter ] --START--
INFO: Run Behavior\WriteHtmlCacheBehavior [ RunTime:0.001806s ]
INFO: [ view_filter ] --END-- [ RunTime:0.001982s ]
INFO: [ app_end ] --START--
INFO: Run Behavior\ShowPageTraceBehavior [ RunTime:0.001947s ]
INFO: [ app_end ] --END-- [ RunTime:0.002055s ]

[ 2018-12-06T10:02:18+08:00 ] ::1 /zzhclass/index.php/Home/Index/index
INFO: [ app_init ] --START--
INFO: Run Behavior\BuildLiteBehavior [ RunTime:0.000023s ]
INFO: [ app_init ] --END-- [ RunTime:0.000877s ]
INFO: [ app_begin ] --START--
INFO: Run Behavior\ReadHtmlCacheBehavior [ RunTime:0.001239s ]
INFO: [ app_begin ] --END-- [ RunTime:0.001349s ]
INFO: [ view_parse ] --START--
INFO: Run Behavior\ParseTemplateBehavior [ RunTime:0.000963s ]
INFO: [ view_parse ] --END-- [ RunTime:0.001069s ]
INFO: [ view_filter ] --START--
INFO: Run Behavior\WriteHtmlCacheBehavior [ RunTime:0.001075s ]
INFO: [ view_filter ] --END-- [ RunTime:0.001169s ]
INFO: [ app_end ] --START--
INFO: Run Behavior\ShowPageTraceBehavior [ RunTime:0.001232s ]
INFO: [ app_end ] --END-- [ RunTime:0.001331s ]

[ 2018-12-06T10:06:27+08:00 ] ::1 /zzhclass/index.php/Home/Index/urls
INFO: [ app_init ] --START--
INFO: Run Behavior\BuildLiteBehavior [ RunTime:0.000023s ]
INFO: [ app_init ] --END-- [ RunTime:0.001057s ]
INFO: [ app_begin ] --START--
INFO: Run Behavior\ReadHtmlCacheBehavior [ RunTime:0.001895s ]
INFO: [ app_begin ] --END-- [ RunTime:0.002016s ]
INFO: [ app_end ] --START--
INFO: Run Behavior\ShowPageTraceBehavior [ RunTime:0.001648s ]
INFO: [ app_end ] --END-- [ RunTime:0.001761s ]

[ 2018-12-06T10:06:44+08:00 ] ::1 /zzhclass/index.php?s=/Home/Index/urls
INFO: [ app_init ] --START--
INFO: Run Behavior\BuildLiteBehavior [ RunTime:0.000023s ]
INFO: [ app_init ] --END-- [ RunTime:0.001075s ]
INFO: [ app_begin ] --START--
INFO: Run Behavior\ReadHtmlCacheBehavior [ RunTime:0.001958s ]
INFO: [ app_begin ] --END-- [ RunTime:0.002079s ]
INFO: [ app_end ] --START--
INFO: Run Behavior\ShowPageTraceBehavior [ RunTime:0.001592s ]
INFO: [ app_end ] --END-- [ RunTime:0.001704s ]

[ 2018-12-06T10:06:46+08:00 ] ::1 /zzhclass/index.php?s=/Home/Index/urls
INFO: [ app_init ] --START--
INFO: Run Behavior\BuildLiteBehavior [ RunTime:0.000022s ]
INFO: [ app_init ] --END-- [ RunTime:0.000814s ]
INFO: [ app_begin ] --START--
INFO: Run Behavior\ReadHtmlCacheBehavior [ RunTime:0.001263s ]
INFO: [ app_begin ] --END-- [ RunTime:0.001371s ]
INFO: [ app_end ] --START--
INFO: Run Behavior\ShowPageTraceBehavior [ RunTime:0.001254s ]
INFO: [ app_end ] --END-- [ RunTime:0.001361s ]

[ 2018-12-06T10:06:46+08:00 ] ::1 /zzhclass/index.php?s=/Home/Index/urls
INFO: [ app_init ] --START--
INFO: Run Behavior\BuildLiteBehavior [ RunTime:0.000022s ]
INFO: [ app_init ] --END-- [ RunTime:0.000816s ]
INFO: [ app_begin ] --START--
INFO: Run Behavior\ReadHtmlCacheBehavior [ RunTime:0.001384s ]
INFO: [ app_begin ] --END-- [ RunTime:0.001494s ]
INFO: [ app_end ] --START--
INFO: Run Behavior\ShowPageTraceBehavior [ RunTime:0.001285s ]
INFO: [ app_end ] --END-- [ RunTime:0.001396s ]

[ 2018-12-06T10:06:47+08:00 ] ::1 /zzhclass/index.php?s=/Home/Index/urls
INFO: [ app_init ] --START--
INFO: Run Behavior\BuildLiteBehavior [ RunTime:0.000022s ]
INFO: [ app_init ] --END-- [ RunTime:0.000830s ]
INFO: [ app_begin ] --START--
INFO: Run Behavior\ReadHtmlCacheBehavior [ RunTime:0.001256s ]
INFO: [ app_begin ] --END-- [ RunTime:0.001364s ]
INFO: [ app_end ] --START--
INFO: Run Behavior\ShowPageTraceBehavior [ RunTime:0.002214s ]
INFO: [ app_end ] --END-- [ RunTime:0.002328s ]

[ 2018-12-06T10:06:47+08:00 ] ::1 /zzhclass/index.php?s=/Home/Index/urls
INFO: [ app_init ] --START--
INFO: Run Behavior\BuildLiteBehavior [ RunTime:0.000023s ]
INFO: [ app_init ] --END-- [ RunTime:0.000859s ]
INFO: [ app_begin ] --START--
INFO: Run Behavior\ReadHtmlCacheBehavior [ RunTime:0.001264s ]
INFO: [ app_begin ] --END-- [ RunTime:0.001372s ]
INFO: [ app_end ] --START--
INFO: Run Behavior\ShowPageTraceBehavior [ RunTime:0.001515s ]
INFO: [ app_end ] --END-- [ RunTime:0.001635s ]

[ 2018-12-06T10:06:47+08:00 ] ::1 /zzhclass/index.php?s=/Home/Index/urls
INFO: [ app_init ] --START--
INFO: Run Behavior\BuildLiteBehavior [ RunTime:0.000022s ]
INFO: [ app_init ] --END-- [ RunTime:0.000810s ]
INFO: [ app_begin ] --START--
INFO: Run Behavior\ReadHtmlCacheBehavior [ RunTime:0.001258s ]
INFO: [ app_begin ] --END-- [ RunTime:0.001365s ]
INFO: [ app_end ] --START--
INFO: Run Behavior\ShowPageTraceBehavior [ RunTime:0.001475s ]
INFO: [ app_end ] --END-- [ RunTime:0.001592s ]

[ 2018-12-06T10:06:47+08:00 ] ::1 /zzhclass/index.php?s=/Home/Index/urls
INFO: [ app_init ] --START--
INFO: Run Behavior\BuildLiteBehavior [ RunTime:0.000026s ]
INFO: [ app_init ] --END-- [ RunTime:0.000929s ]
INFO: [ app_begin ] --START--
INFO: Run Behavior\ReadHtmlCacheBehavior [ RunTime:0.001254s ]
INFO: [ app_begin ] --END-- [ RunTime:0.001363s ]
INFO: [ app_end ] --START--
INFO: Run Behavior\ShowPageTraceBehavior [ RunTime:0.001288s ]
INFO: [ app_end ] --END-- [ RunTime:0.001396s ]

[ 2018-12-06T10:06:50+08:00 ] ::1 /zzhclass/index.php?s=/Home/Index/index
INFO: [ app_init ] --START--
INFO: Run Behavior\BuildLiteBehavior [ RunTime:0.000022s ]
INFO: [ app_init ] --END-- [ RunTime:0.000889s ]
INFO: [ app_begin ] --START--
INFO: Run Behavior\ReadHtmlCacheBehavior [ RunTime:0.001330s ]
INFO: [ app_begin ] --END-- [ RunTime:0.001447s ]
INFO: [ view_parse ] --START--
INFO: Run Behavior\ParseTemplateBehavior [ RunTime:0.001566s ]
INFO: [ view_parse ] --END-- [ RunTime:0.001682s ]
INFO: [ view_filter ] --START--
INFO: Run Behavior\WriteHtmlCacheBehavior [ RunTime:0.001479s ]
INFO: [ view_filter ] --END-- [ RunTime:0.001577s ]
INFO: [ app_end ] --START--
INFO: Run Behavior\ShowPageTraceBehavior [ RunTime:0.001343s ]
INFO: [ app_end ] --END-- [ RunTime:0.001444s ]

[ 2018-12-06T10:37:18+08:00 ] ::1 /zzhclass/index.php/Home/Index/urls
INFO: [ app_init ] --START--
INFO: Run Behavior\BuildLiteBehavior [ RunTime:0.000027s ]
INFO: [ app_init ] --END-- [ RunTime:0.001372s ]
INFO: [ app_begin ] --START--
INFO: Run Behavior\ReadHtmlCacheBehavior [ RunTime:0.002845s ]
INFO: [ app_begin ] --END-- [ RunTime:0.002963s ]
INFO: [ app_end ] --START--
INFO: Run Behavior\ShowPageTraceBehavior [ RunTime:0.002493s ]
INFO: [ app_end ] --END-- [ RunTime:0.002610s ]

[ 2018-12-06T10:37:18+08:00 ] ::1 /zzhclass/index.php/Home/Index/urls
INFO: [ app_init ] --START--
INFO: Run Behavior\BuildLiteBehavior [ RunTime:0.000027s ]
INFO: [ app_init ] --END-- [ RunTime:0.001174s ]
INFO: [ app_begin ] --START--
INFO: Run Behavior\ReadHtmlCacheBehavior [ RunTime:0.002455s ]
INFO: [ app_begin ] --END-- [ RunTime:0.002573s ]
INFO: [ app_end ] --START--
INFO: Run Behavior\ShowPageTraceBehavior [ RunTime:0.002460s ]
INFO: [ app_end ] --END-- [ RunTime:0.002574s ]

[ 2018-12-06T10:37:19+08:00 ] ::1 /zzhclass/index.php/Home/Index/urls
INFO: [ app_init ] --START--
INFO: Run Behavior\BuildLiteBehavior [ RunTime:0.000027s ]
INFO: [ app_init ] --END-- [ RunTime:0.001177s ]
INFO: [ app_begin ] --START--
INFO: Run Behavior\ReadHtmlCacheBehavior [ RunTime:0.002507s ]
INFO: [ app_begin ] --END-- [ RunTime:0.002629s ]
INFO: [ app_end ] --START--
INFO: Run Behavior\ShowPageTraceBehavior [ RunTime:0.002403s ]
INFO: [ app_end ] --END-- [ RunTime:0.002512s ]

[ 2018-12-06T10:37:19+08:00 ] ::1 /zzhclass/index.php/Home/Index/urls
INFO: [ app_init ] --START--
INFO: Run Behavior\BuildLiteBehavior [ RunTime:0.000027s ]
INFO: [ app_init ] --END-- [ RunTime:0.001202s ]
INFO: [ app_begin ] --START--
INFO: Run Behavior\ReadHtmlCacheBehavior [ RunTime:0.002545s ]
INFO: [ app_begin ] --END-- [ RunTime:0.002665s ]
INFO: [ app_end ] --START--
INFO: Run Behavior\ShowPageTraceBehavior [ RunTime:0.002457s ]
INFO: [ app_end ] --END-- [ RunTime:0.002580s ]

[ 2018-12-06T10:37:19+08:00 ] ::1 /zzhclass/index.php/Home/Index/urls
INFO: [ app_init ] --START--
INFO: Run Behavior\BuildLiteBehavior [ RunTime:0.000025s ]
INFO: [ app_init ] --END-- [ RunTime:0.001180s ]
INFO: [ app_begin ] --START--
INFO: Run Behavior\ReadHtmlCacheBehavior [ RunTime:0.002415s ]
INFO: [ app_begin ] --END-- [ RunTime:0.002533s ]
INFO: [ app_end ] --START--
INFO: Run Behavior\ShowPageTraceBehavior [ RunTime:0.003199s ]
INFO: [ app_end ] --END-- [ RunTime:0.003310s ]

[ 2018-12-06T10:37:19+08:00 ] ::1 /zzhclass/index.php/Home/Index/urls
INFO: [ app_init ] --START--
INFO: Run Behavior\BuildLiteBehavior [ RunTime:0.000025s ]
INFO: [ app_init ] --END-- [ RunTime:0.001203s ]
INFO: [ app_begin ] --START--
INFO: Run Behavior\ReadHtmlCacheBehavior [ RunTime:0.002488s ]
INFO: [ app_begin ] --END-- [ RunTime:0.002607s ]
INFO: [ app_end ] --START--
INFO: Run Behavior\ShowPageTraceBehavior [ RunTime:0.002750s ]
INFO: [ app_end ] --END-- [ RunTime:0.002864s ]

[ 2018-12-06T10:37:27+08:00 ] ::1 /zzhclass/index.php/Home/Index/urls
INFO: [ app_init ] --START--
INFO: Run Behavior\BuildLiteBehavior [ RunTime:0.000023s ]
INFO: [ app_init ] --END-- [ RunTime:0.001332s ]
INFO: [ app_begin ] --START--
INFO: Run Behavior\ReadHtmlCacheBehavior [ RunTime:0.003081s ]
INFO: [ app_begin ] --END-- [ RunTime:0.003201s ]
INFO: [ app_end ] --START--
INFO: Run Behavior\ShowPageTraceBehavior [ RunTime:0.002540s ]
INFO: [ app_end ] --END-- [ RunTime:0.002650s ]

[ 2018-12-06T10:37:32+08:00 ] ::1 /zzhclass/index.php/Home/Index/urls
INFO: [ app_init ] --START--
INFO: Run Behavior\BuildLiteBehavior [ RunTime:0.000030s ]
INFO: [ app_init ] --END-- [ RunTime:0.001229s ]
INFO: [ app_begin ] --START--
INFO: Run Behavior\ReadHtmlCacheBehavior [ RunTime:0.002435s ]
INFO: [ app_begin ] --END-- [ RunTime:0.002556s ]
INFO: [ app_end ] --START--
INFO: Run Behavior\ShowPageTraceBehavior [ RunTime:0.002597s ]
INFO: [ app_end ] --END-- [ RunTime:0.002710s ]

[ 2018-12-06T10:37:42+08:00 ] ::1 /zzhclass/index.php/Home/Index/urls
INFO: [ app_init ] --START--
INFO: Run Behavior\BuildLiteBehavior [ RunTime:0.000025s ]
INFO: [ app_init ] --END-- [ RunTime:0.001190s ]
INFO: [ app_begin ] --START--
INFO: Run Behavior\ReadHtmlCacheBehavior [ RunTime:0.002385s ]
INFO: [ app_begin ] --END-- [ RunTime:0.002499s ]
INFO: [ app_end ] --START--
INFO: Run Behavior\ShowPageTraceBehavior [ RunTime:0.002801s ]
INFO: [ app_end ] --END-- [ RunTime:0.002912s ]

[ 2018-12-06T10:37:49+08:00 ] ::1 /zzhclass/index.php/Home/Index/urls
INFO: [ app_init ] --START--
INFO: Run Behavior\BuildLiteBehavior [ RunTime:0.000024s ]
INFO: [ app_init ] --END-- [ RunTime:0.001368s ]
INFO: [ app_begin ] --START--
INFO: Run Behavior\ReadHtmlCacheBehavior [ RunTime:0.002467s ]
INFO: [ app_begin ] --END-- [ RunTime:0.002584s ]
INFO: [ app_end ] --START--
INFO: Run Behavior\ShowPageTraceBehavior [ RunTime:0.002489s ]
INFO: [ app_end ] --END-- [ RunTime:0.002597s ]

[ 2018-12-06T10:37:52+08:00 ] ::1 /zzhclass/index.php/Home/Index
INFO: [ app_init ] --START--
INFO: Run Behavior\BuildLiteBehavior [ RunTime:0.000024s ]
INFO: [ app_init ] --END-- [ RunTime:0.001230s ]
INFO: [ app_begin ] --START--
INFO: Run Behavior\ReadHtmlCacheBehavior [ RunTime:0.004598s ]
INFO: [ app_begin ] --END-- [ RunTime:0.004725s ]
INFO: [ view_parse ] --START--
INFO: Run Behavior\ParseTemplateBehavior [ RunTime:0.002443s ]
INFO: [ view_parse ] --END-- [ RunTime:0.002555s ]
INFO: [ view_filter ] --START--
INFO: Run Behavior\WriteHtmlCacheBehavior [ RunTime:0.002217s ]
INFO: [ view_filter ] --END-- [ RunTime:0.002312s ]
INFO: [ app_end ] --START--
INFO: Run Behavior\ShowPageTraceBehavior [ RunTime:0.002418s ]
INFO: [ app_end ] --END-- [ RunTime:0.002518s ]

[ 2018-12-06T10:38:04+08:00 ] ::1 /zzhclass/index.php/Home/Index/index
INFO: [ app_init ] --START--
INFO: Run Behavior\BuildLiteBehavior [ RunTime:0.000030s ]
INFO: [ app_init ] --END-- [ RunTime:0.001628s ]
INFO: [ app_begin ] --START--
INFO: Run Behavior\ReadHtmlCacheBehavior [ RunTime:0.002441s ]
INFO: [ app_begin ] --END-- [ RunTime:0.002558s ]
INFO: [ view_parse ] --START--
INFO: Run Behavior\ParseTemplateBehavior [ RunTime:0.002393s ]
INFO: [ view_parse ] --END-- [ RunTime:0.002505s ]
INFO: [ view_filter ] --START--
INFO: Run Behavior\WriteHtmlCacheBehavior [ RunTime:0.002280s ]
INFO: [ view_filter ] --END-- [ RunTime:0.002377s ]
INFO: [ app_end ] --START--
INFO: Run Behavior\ShowPageTraceBehavior [ RunTime:0.003318s ]
INFO: [ app_end ] --END-- [ RunTime:0.003428s ]

[ 2018-12-06T10:38:09+08:00 ] ::1 /zzhclass/index.php/Home/Index/index
INFO: [ app_init ] --START--
INFO: Run Behavior\BuildLiteBehavior [ RunTime:0.000022s ]
INFO: [ app_init ] --END-- [ RunTime:0.001191s ]
INFO: [ app_begin ] --START--
INFO: Run Behavior\ReadHtmlCacheBehavior [ RunTime:0.002418s ]
INFO: [ app_begin ] --END-- [ RunTime:0.002533s ]
INFO: [ view_parse ] --START--
INFO: Run Behavior\ParseTemplateBehavior [ RunTime:0.002440s ]
INFO: [ view_parse ] --END-- [ RunTime:0.002552s ]
INFO: [ view_filter ] --START--
INFO: Run Behavior\WriteHtmlCacheBehavior [ RunTime:0.002295s ]
INFO: [ view_filter ] --END-- [ RunTime:0.002393s ]
INFO: [ app_end ] --START--
INFO: Run Behavior\ShowPageTraceBehavior [ RunTime:0.002606s ]
INFO: [ app_end ] --END-- [ RunTime:0.002708s ]

[ 2018-12-06T10:38:19+08:00 ] ::1 /zzhclass/index.php/Home/Index/Index
INFO: [ app_init ] --START--
INFO: Run Behavior\BuildLiteBehavior [ RunTime:0.000026s ]
INFO: [ app_init ] --END-- [ RunTime:0.001214s ]
INFO: [ app_begin ] --START--
INFO: Run Behavior\ReadHtmlCacheBehavior [ RunTime:0.002468s ]
INFO: [ app_begin ] --END-- [ RunTime:0.002584s ]
INFO: [ view_parse ] --START--
INFO: Run Behavior\ParseTemplateBehavior [ RunTime:0.002835s ]
INFO: [ view_parse ] --END-- [ RunTime:0.002950s ]
INFO: [ view_filter ] --START--
INFO: Run Behavior\WriteHtmlCacheBehavior [ RunTime:0.003586s ]
INFO: [ view_filter ] --END-- [ RunTime:0.003822s ]
INFO: [ app_end ] --START--
INFO: Run Behavior\ShowPageTraceBehavior [ RunTime:0.002562s ]
INFO: [ app_end ] --END-- [ RunTime:0.002666s ]

[ 2018-12-06T10:38:29+08:00 ] ::1 /zzhclass/index.php/Home/Index/URLS
INFO: [ app_init ] --START--
INFO: Run Behavior\BuildLiteBehavior [ RunTime:0.000023s ]
INFO: [ app_init ] --END-- [ RunTime:0.001179s ]
INFO: [ app_begin ] --START--
INFO: Run Behavior\ReadHtmlCacheBehavior [ RunTime:0.002494s ]
INFO: [ app_begin ] --END-- [ RunTime:0.002611s ]
INFO: [ app_end ] --START--
INFO: Run Behavior\ShowPageTraceBehavior [ RunTime:0.002775s ]
INFO: [ app_end ] --END-- [ RunTime:0.002891s ]

[ 2018-12-06T11:28:41+08:00 ] ::1 /zzhclass/index.php/Home/Index/getfunc
INFO: [ app_init ] --START--
INFO: Run Behavior\BuildLiteBehavior [ RunTime:0.000027s ]
INFO: [ app_init ] --END-- [ RunTime:0.001293s ]
INFO: [ app_begin ] --START--
INFO: Run Behavior\ReadHtmlCacheBehavior [ RunTime:0.002422s ]
INFO: [ app_begin ] --END-- [ RunTime:0.002533s ]

[ 2018-12-06T11:30:34+08:00 ] ::1 /zzhclass/index.php/Home/Index/getfunc
INFO: [ app_init ] --START--
INFO: Run Behavior\BuildLiteBehavior [ RunTime:0.000023s ]
INFO: [ app_init ] --END-- [ RunTime:0.001193s ]
INFO: [ app_begin ] --START--
INFO: Run Behavior\ReadHtmlCacheBehavior [ RunTime:0.002795s ]
INFO: [ app_begin ] --END-- [ RunTime:0.002956s ]
INFO: [ app_end ] --START--
INFO: Run Behavior\ShowPageTraceBehavior [ RunTime:0.002749s ]
INFO: [ app_end ] --END-- [ RunTime:0.002868s ]

[ 2018-12-06T11:30:35+08:00 ] ::1 /zzhclass/index.php/Home/Index/getfunc
INFO: [ app_init ] --START--
INFO: Run Behavior\BuildLiteBehavior [ RunTime:0.000021s ]
INFO: [ app_init ] --END-- [ RunTime:0.001127s ]
INFO: [ app_begin ] --START--
INFO: Run Behavior\ReadHtmlCacheBehavior [ RunTime:0.002373s ]
INFO: [ app_begin ] --END-- [ RunTime:0.002486s ]
INFO: [ app_end ] --START--
INFO: Run Behavior\ShowPageTraceBehavior [ RunTime:0.002613s ]
INFO: [ app_end ] --END-- [ RunTime:0.002725s ]

[ 2018-12-06T15:43:44+08:00 ] ::1 /zzhclass/index.php/Home/jian
INFO: [ app_init ] --START--
INFO: Run Behavior\BuildLiteBehavior [ RunTime:0.000026s ]
INFO: [ app_init ] --END-- [ RunTime:0.001255s ]
INFO: [ app_begin ] --START--
INFO: Run Behavior\ReadHtmlCacheBehavior [ RunTime:0.002416s ]
INFO: [ app_begin ] --END-- [ RunTime:0.002527s ]
INFO: [ app_end ] --START--
INFO: Run Behavior\ShowPageTraceBehavior [ RunTime:0.002442s ]
INFO: [ app_end ] --END-- [ RunTime:0.002554s ]

[ 2018-12-06T15:43:48+08:00 ] ::1 /zzhclass/index.php/Home/jian
INFO: [ app_init ] --START--
INFO: Run Behavior\BuildLiteBehavior [ RunTime:0.000028s ]
INFO: [ app_init ] --END-- [ RunTime:0.005102s ]
INFO: [ app_begin ] --START--
INFO: Run Behavior\ReadHtmlCacheBehavior [ RunTime:0.002412s ]
INFO: [ app_begin ] --END-- [ RunTime:0.002529s ]
INFO: [ app_end ] --START--
INFO: Run Behavior\ShowPageTraceBehavior [ RunTime:0.002830s ]
INFO: [ app_end ] --END-- [ RunTime:0.002941s ]

[ 2018-12-06T15:47:10+08:00 ] ::1 /zzhclass/index.php/Home/jian
INFO: [ app_init ] --START--
INFO: Run Behavior\BuildLiteBehavior [ RunTime:0.000022s ]
INFO: [ app_init ] --END-- [ RunTime:0.001187s ]
INFO: [ app_begin ] --START--
INFO: Run Behavior\ReadHtmlCacheBehavior [ RunTime:0.002405s ]
INFO: [ app_begin ] --END-- [ RunTime:0.002520s ]
INFO: [ app_end ] --START--
INFO: Run Behavior\ShowPageTraceBehavior [ RunTime:0.002493s ]
INFO: [ app_end ] --END-- [ RunTime:0.002612s ]

[ 2018-12-06T15:50:09+08:00 ] ::1 /zzhclass/index.php/Home/jian/del/1
INFO: [ app_init ] --START--
INFO: Run Behavior\BuildLiteBehavior [ RunTime:0.000026s ]
INFO: [ app_init ] --END-- [ RunTime:0.001234s ]
INFO: [ app_begin ] --START--
INFO: Run Behavior\ReadHtmlCacheBehavior [ RunTime:0.002602s ]
INFO: [ app_begin ] --END-- [ RunTime:0.002718s ]
NOTIC: [8] Undefined index: id C:\wamp\www\zzhclass\jian\Home\Controller\JianController.class.php 第 29 行.
INFO: [ app_end ] --START--
INFO: Run Behavior\ShowPageTraceBehavior [ RunTime:0.003141s ]
INFO: [ app_end ] --END-- [ RunTime:0.003597s ]

[ 2018-12-06T15:50:24+08:00 ] ::1 /zzhclass/index.php/Home/jian/del/100
INFO: [ app_init ] --START--
INFO: Run Behavior\BuildLiteBehavior [ RunTime:0.000023s ]
INFO: [ app_init ] --END-- [ RunTime:0.001432s ]
INFO: [ app_begin ] --START--
INFO: Run Behavior\ReadHtmlCacheBehavior [ RunTime:0.002376s ]
INFO: [ app_begin ] --END-- [ RunTime:0.002488s ]
NOTIC: [8] Undefined index: id C:\wamp\www\zzhclass\jian\Home\Controller\JianController.class.php 第 29 行.
INFO: [ app_end ] --START--
INFO: Run Behavior\ShowPageTraceBehavior [ RunTime:0.002889s ]
INFO: [ app_end ] --END-- [ RunTime:0.003002s ]

[ 2018-12-06T15:50:43+08:00 ] ::1 /zzhclass/index.php/Home/jian/del/id/100
INFO: [ app_init ] --START--
INFO: Run Behavior\BuildLiteBehavior [ RunTime:0.000023s ]
INFO: [ app_init ] --END-- [ RunTime:0.001149s ]
INFO: [ app_begin ] --START--
INFO: Run Behavior\ReadHtmlCacheBehavior [ RunTime:0.002452s ]
INFO: [ app_begin ] --END-- [ RunTime:0.002569s ]
INFO: [ app_end ] --START--
INFO: Run Behavior\ShowPageTraceBehavior [ RunTime:0.003093s ]
INFO: [ app_end ] --END-- [ RunTime:0.003208s ]

[ 2018-12-06T16:21:44+08:00 ] ::1 /zzhclass/index.php/Home/jian/del/name/zhangzehao
INFO: [ app_init ] --START--
INFO: Run Behavior\BuildLiteBehavior [ RunTime:0.000022s ]
INFO: [ app_init ] --END-- [ RunTime:0.001185s ]
INFO: [ app_begin ] --START--
INFO: Run Behavior\ReadHtmlCacheBehavior [ RunTime:0.002674s ]
INFO: [ app_begin ] --END-- [ RunTime:0.002847s ]
ERR: 参数错误或者未定义:id

[ 2018-12-06T16:22:24+08:00 ] ::1 /zzhclass/index.php/Home/jian/del/id/100/name/zhangzehao
INFO: [ app_init ] --START--
INFO: Run Behavior\BuildLiteBehavior [ RunTime:0.000027s ]
INFO: [ app_init ] --END-- [ RunTime:0.001481s ]
INFO: [ app_begin ] --START--
INFO: Run Behavior\ReadHtmlCacheBehavior [ RunTime:0.002813s ]
INFO: [ app_begin ] --END-- [ RunTime:0.002931s ]
INFO: [ app_end ] --START--
INFO: Run Behavior\ShowPageTraceBehavior [ RunTime:0.002585s ]
INFO: [ app_end ] --END-- [ RunTime:0.002706s ]

