[ 2018-12-05T15:11:52+08:00 ] ::1 /zzhclass/index.php
INFO: [ app_init ] --START--
INFO: Run Behavior\BuildLiteBehavior [ RunTime:0.000045s ]
INFO: [ app_init ] --END-- [ RunTime:0.036590s ]
INFO: [ app_begin ] --START--
INFO: Run Behavior\ReadHtmlCacheBehavior [ RunTime:0.013993s ]
INFO: [ app_begin ] --END-- [ RunTime:0.014207s ]
INFO: [ view_parse ] --START--
INFO: Run Behavior\ParseTemplateBehavior [ RunTime:0.018437s ]
INFO: [ view_parse ] --END-- [ RunTime:0.018614s ]
INFO: [ view_filter ] --START--
INFO: Run Behavior\WriteHtmlCacheBehavior [ RunTime:0.013455s ]
INFO: [ view_filter ] --END-- [ RunTime:0.013575s ]
INFO: [ app_end ] --START--
INFO: Run Behavior\ShowPageTraceBehavior [ RunTime:0.023213s ]
INFO: [ app_end ] --END-- [ RunTime:0.023348s ]

[ 2018-12-05T15:21:16+08:00 ] ::1 /zzhclass/index.php/Home/index/yzm
INFO: [ app_init ] --START--
INFO: Run Behavior\BuildLiteBehavior [ RunTime:0.000024s ]
INFO: [ app_init ] --END-- [ RunTime:0.001441s ]
INFO: [ app_begin ] --START--
INFO: Run Behavior\ReadHtmlCacheBehavior [ RunTime:0.001774s ]
INFO: [ app_begin ] --END-- [ RunTime:0.001888s ]
INFO: [ app_end ] --START--
INFO: Run Behavior\ShowPageTraceBehavior [ RunTime:0.005876s ]
INFO: [ app_end ] --END-- [ RunTime:0.006383s ]

[ 2018-12-05T15:25:50+08:00 ] ::1 /zzhclass/index.php/Home/index/data1
INFO: [ app_init ] --START--
INFO: Run Behavior\BuildLiteBehavior [ RunTime:0.000023s ]
INFO: [ app_init ] --END-- [ RunTime:0.001536s ]
INFO: [ app_begin ] --START--
INFO: Run Behavior\ReadHtmlCacheBehavior [ RunTime:0.001821s ]
INFO: [ app_begin ] --END-- [ RunTime:0.001933s ]
SQL: SHOW COLUMNS FROM `user` [ RunTime:0.1511s ]
SQL: SELECT * FROM `user`  [ RunTime:0.0026s ]
INFO: [ view_parse ] --START--
INFO: [ template_filter ] --START--
INFO: Run Behavior\ContentReplaceBehavior [ RunTime:0.008807s ]
INFO: [ template_filter ] --END-- [ RunTime:0.008998s ]
NOTIC: [8] Use of undefined constant id - assumed 'id' C:\wamp\www\zzhclass\jian\Runtime\Cache\Home\493fca4e1f79f6398ed3b58f70df73a8.php 第 13 行.
NOTIC: [8] Use of undefined constant pass - assumed 'pass' C:\wamp\www\zzhclass\jian\Runtime\Cache\Home\493fca4e1f79f6398ed3b58f70df73a8.php 第 13 行.
NOTIC: [8] Use of undefined constant time - assumed 'time' C:\wamp\www\zzhclass\jian\Runtime\Cache\Home\493fca4e1f79f6398ed3b58f70df73a8.php 第 13 行.
NOTIC: [8] Use of undefined constant statu - assumed 'statu' C:\wamp\www\zzhclass\jian\Runtime\Cache\Home\493fca4e1f79f6398ed3b58f70df73a8.php 第 13 行.
NOTIC: [8] Use of undefined constant id - assumed 'id' C:\wamp\www\zzhclass\jian\Runtime\Cache\Home\493fca4e1f79f6398ed3b58f70df73a8.php 第 13 行.
NOTIC: [8] Use of undefined constant pass - assumed 'pass' C:\wamp\www\zzhclass\jian\Runtime\Cache\Home\493fca4e1f79f6398ed3b58f70df73a8.php 第 13 行.
NOTIC: [8] Use of undefined constant time - assumed 'time' C:\wamp\www\zzhclass\jian\Runtime\Cache\Home\493fca4e1f79f6398ed3b58f70df73a8.php 第 13 行.
NOTIC: [8] Use of undefined constant statu - assumed 'statu' C:\wamp\www\zzhclass\jian\Runtime\Cache\Home\493fca4e1f79f6398ed3b58f70df73a8.php 第 13 行.
INFO: Run Behavior\ParseTemplateBehavior [ RunTime:0.169563s ]
INFO: [ view_parse ] --END-- [ RunTime:0.169736s ]
INFO: [ view_filter ] --START--
INFO: Run Behavior\WriteHtmlCacheBehavior [ RunTime:0.003407s ]
INFO: [ view_filter ] --END-- [ RunTime:0.003572s ]
INFO: [ app_end ] --START--
INFO: Run Behavior\ShowPageTraceBehavior [ RunTime:0.002813s ]
INFO: [ app_end ] --END-- [ RunTime:0.002974s ]

[ 2018-12-05T15:26:07+08:00 ] ::1 /zzhclass/index.php/Home/index/getConf
INFO: [ app_init ] --START--
INFO: Run Behavior\BuildLiteBehavior [ RunTime:0.000023s ]
INFO: [ app_init ] --END-- [ RunTime:0.001148s ]
INFO: [ app_begin ] --START--
INFO: Run Behavior\ReadHtmlCacheBehavior [ RunTime:0.001859s ]
INFO: [ app_begin ] --END-- [ RunTime:0.001970s ]
INFO: [ app_end ] --START--
INFO: Run Behavior\ShowPageTraceBehavior [ RunTime:0.002345s ]
INFO: [ app_end ] --END-- [ RunTime:0.002490s ]

[ 2018-12-05T15:49:58+08:00 ] ::1 /zzhclass/index.php
INFO: [ app_init ] --START--
INFO: Run Behavior\BuildLiteBehavior [ RunTime:0.000025s ]
INFO: [ app_init ] --END-- [ RunTime:0.001194s ]
INFO: [ app_begin ] --START--
INFO: Run Behavior\ReadHtmlCacheBehavior [ RunTime:0.001890s ]
INFO: [ app_begin ] --END-- [ RunTime:0.002008s ]
INFO: [ view_parse ] --START--
INFO: Run Behavior\ParseTemplateBehavior [ RunTime:0.002389s ]
INFO: [ view_parse ] --END-- [ RunTime:0.002901s ]
INFO: [ view_filter ] --START--
INFO: Run Behavior\WriteHtmlCacheBehavior [ RunTime:0.001565s ]
INFO: [ view_filter ] --END-- [ RunTime:0.001693s ]
INFO: [ app_end ] --START--
INFO: Run Behavior\ShowPageTraceBehavior [ RunTime:0.002354s ]
INFO: [ app_end ] --END-- [ RunTime:0.002459s ]

[ 2018-12-05T15:50:11+08:00 ] ::1 /zzhclass/index.php/Home/index/data1
INFO: [ app_init ] --START--
INFO: Run Behavior\BuildLiteBehavior [ RunTime:0.000023s ]
INFO: [ app_init ] --END-- [ RunTime:0.001117s ]
INFO: [ app_begin ] --START--
INFO: Run Behavior\ReadHtmlCacheBehavior [ RunTime:0.001792s ]
INFO: [ app_begin ] --END-- [ RunTime:0.001912s ]
SQL: SHOW COLUMNS FROM `user` [ RunTime:0.0930s ]
SQL: SELECT * FROM `user`  [ RunTime:0.0012s ]
INFO: [ view_parse ] --START--
INFO: [ template_filter ] --START--
INFO: Run Behavior\ContentReplaceBehavior [ RunTime:0.000060s ]
INFO: [ template_filter ] --END-- [ RunTime:0.000169s ]
NOTIC: [8] Use of undefined constant id - assumed 'id' C:\wamp\www\zzhclass\jian\Runtime\Cache\Home\493fca4e1f79f6398ed3b58f70df73a8.php 第 13 行.
NOTIC: [8] Use of undefined constant pass - assumed 'pass' C:\wamp\www\zzhclass\jian\Runtime\Cache\Home\493fca4e1f79f6398ed3b58f70df73a8.php 第 13 行.
NOTIC: [8] Use of undefined constant time - assumed 'time' C:\wamp\www\zzhclass\jian\Runtime\Cache\Home\493fca4e1f79f6398ed3b58f70df73a8.php 第 13 行.
NOTIC: [8] Use of undefined constant statu - assumed 'statu' C:\wamp\www\zzhclass\jian\Runtime\Cache\Home\493fca4e1f79f6398ed3b58f70df73a8.php 第 13 行.
NOTIC: [8] Use of undefined constant id - assumed 'id' C:\wamp\www\zzhclass\jian\Runtime\Cache\Home\493fca4e1f79f6398ed3b58f70df73a8.php 第 13 行.
NOTIC: [8] Use of undefined constant pass - assumed 'pass' C:\wamp\www\zzhclass\jian\Runtime\Cache\Home\493fca4e1f79f6398ed3b58f70df73a8.php 第 13 行.
NOTIC: [8] Use of undefined constant time - assumed 'time' C:\wamp\www\zzhclass\jian\Runtime\Cache\Home\493fca4e1f79f6398ed3b58f70df73a8.php 第 13 行.
NOTIC: [8] Use of undefined constant statu - assumed 'statu' C:\wamp\www\zzhclass\jian\Runtime\Cache\Home\493fca4e1f79f6398ed3b58f70df73a8.php 第 13 行.
INFO: Run Behavior\ParseTemplateBehavior [ RunTime:0.014000s ]
INFO: [ view_parse ] --END-- [ RunTime:0.014113s ]
INFO: [ view_filter ] --START--
INFO: Run Behavior\WriteHtmlCacheBehavior [ RunTime:0.002046s ]
INFO: [ view_filter ] --END-- [ RunTime:0.002156s ]
INFO: [ app_end ] --START--
INFO: Run Behavior\ShowPageTraceBehavior [ RunTime:0.001765s ]
INFO: [ app_end ] --END-- [ RunTime:0.001875s ]

[ 2018-12-05T16:01:51+08:00 ] ::1 /zzhclass/index.php/Home/index/getConf
INFO: [ app_init ] --START--
INFO: Run Behavior\BuildLiteBehavior [ RunTime:0.000024s ]
INFO: [ app_init ] --END-- [ RunTime:0.000905s ]
INFO: [ app_begin ] --START--
INFO: Run Behavior\ReadHtmlCacheBehavior [ RunTime:0.001360s ]
INFO: [ app_begin ] --END-- [ RunTime:0.001474s ]
INFO: [ app_end ] --START--
INFO: Run Behavior\ShowPageTraceBehavior [ RunTime:0.001444s ]
INFO: [ app_end ] --END-- [ RunTime:0.001625s ]

[ 2018-12-05T16:01:57+08:00 ] ::1 /zzhclass/index.php/Home/index/getConf
INFO: [ app_init ] --START--
INFO: Run Behavior\BuildLiteBehavior [ RunTime:0.000023s ]
INFO: [ app_init ] --END-- [ RunTime:0.000858s ]
INFO: [ app_begin ] --START--
INFO: Run Behavior\ReadHtmlCacheBehavior [ RunTime:0.001329s ]
INFO: [ app_begin ] --END-- [ RunTime:0.001440s ]
INFO: [ app_end ] --START--
INFO: Run Behavior\ShowPageTraceBehavior [ RunTime:0.001517s ]
INFO: [ app_end ] --END-- [ RunTime:0.001626s ]

[ 2018-12-05T16:02:00+08:00 ] ::1 /zzhclass/index.php/Home/index/getConf
INFO: [ app_init ] --START--
INFO: Run Behavior\BuildLiteBehavior [ RunTime:0.000022s ]
INFO: [ app_init ] --END-- [ RunTime:0.000890s ]
INFO: [ app_begin ] --START--
INFO: Run Behavior\ReadHtmlCacheBehavior [ RunTime:0.001383s ]
INFO: [ app_begin ] --END-- [ RunTime:0.001498s ]
INFO: [ app_end ] --START--
INFO: Run Behavior\ShowPageTraceBehavior [ RunTime:0.001401s ]
INFO: [ app_end ] --END-- [ RunTime:0.001509s ]

[ 2018-12-05T16:43:00+08:00 ] ::1 /zzhclass/index.php
INFO: [ app_init ] --START--
INFO: Run Behavior\BuildLiteBehavior [ RunTime:0.000022s ]
INFO: [ app_init ] --END-- [ RunTime:0.001040s ]
INFO: [ app_begin ] --START--
INFO: Run Behavior\ReadHtmlCacheBehavior [ RunTime:0.001880s ]
INFO: [ app_begin ] --END-- [ RunTime:0.001997s ]
INFO: [ view_parse ] --START--
INFO: Run Behavior\ParseTemplateBehavior [ RunTime:0.001534s ]
INFO: [ view_parse ] --END-- [ RunTime:0.001641s ]
INFO: [ view_filter ] --START--
INFO: Run Behavior\WriteHtmlCacheBehavior [ RunTime:0.001786s ]
INFO: [ view_filter ] --END-- [ RunTime:0.001881s ]
INFO: [ app_end ] --START--
INFO: Run Behavior\ShowPageTraceBehavior [ RunTime:0.001626s ]
INFO: [ app_end ] --END-- [ RunTime:0.001724s ]

[ 2018-12-05T16:43:09+08:00 ] ::1 /zzhclass/index.php
INFO: [ app_init ] --START--
INFO: Run Behavior\BuildLiteBehavior [ RunTime:0.000022s ]
INFO: [ app_init ] --END-- [ RunTime:0.001026s ]
INFO: [ app_begin ] --START--
INFO: Run Behavior\ReadHtmlCacheBehavior [ RunTime:0.001776s ]
INFO: [ app_begin ] --END-- [ RunTime:0.001892s ]
INFO: [ view_parse ] --START--
INFO: Run Behavior\ParseTemplateBehavior [ RunTime:0.001645s ]
INFO: [ view_parse ] --END-- [ RunTime:0.001751s ]
INFO: [ view_filter ] --START--
INFO: Run Behavior\WriteHtmlCacheBehavior [ RunTime:0.001725s ]
INFO: [ view_filter ] --END-- [ RunTime:0.001820s ]
INFO: [ app_end ] --START--
INFO: Run Behavior\ShowPageTraceBehavior [ RunTime:0.001584s ]
INFO: [ app_end ] --END-- [ RunTime:0.001681s ]

[ 2018-12-05T16:43:50+08:00 ] ::1 /zzhclass/index.php?m=Home&c=Index&a=index
INFO: [ app_init ] --START--
INFO: Run Behavior\BuildLiteBehavior [ RunTime:0.000051s ]
INFO: [ app_init ] --END-- [ RunTime:0.002830s ]
INFO: [ app_begin ] --START--
INFO: Run Behavior\ReadHtmlCacheBehavior [ RunTime:0.001281s ]
INFO: [ app_begin ] --END-- [ RunTime:0.001392s ]
INFO: [ view_parse ] --START--
INFO: Run Behavior\ParseTemplateBehavior [ RunTime:0.003011s ]
INFO: [ view_parse ] --END-- [ RunTime:0.003152s ]
INFO: [ view_filter ] --START--
INFO: Run Behavior\WriteHtmlCacheBehavior [ RunTime:0.003156s ]
INFO: [ view_filter ] --END-- [ RunTime:0.003257s ]
INFO: [ app_end ] --START--
INFO: Run Behavior\ShowPageTraceBehavior [ RunTime:0.001353s ]
INFO: [ app_end ] --END-- [ RunTime:0.001453s ]

[ 2018-12-05T16:50:06+08:00 ] ::1 /zzhclass/index.php/Home/Index/index
INFO: [ app_init ] --START--
INFO: Run Behavior\BuildLiteBehavior [ RunTime:0.000023s ]
INFO: [ app_init ] --END-- [ RunTime:0.001069s ]
INFO: [ app_begin ] --START--
INFO: Run Behavior\ReadHtmlCacheBehavior [ RunTime:0.001740s ]
INFO: [ app_begin ] --END-- [ RunTime:0.001853s ]
INFO: [ view_parse ] --START--
INFO: Run Behavior\ParseTemplateBehavior [ RunTime:0.001599s ]
INFO: [ view_parse ] --END-- [ RunTime:0.001706s ]
INFO: [ view_filter ] --START--
INFO: Run Behavior\WriteHtmlCacheBehavior [ RunTime:0.001724s ]
INFO: [ view_filter ] --END-- [ RunTime:0.001817s ]
INFO: [ app_end ] --START--
INFO: Run Behavior\ShowPageTraceBehavior [ RunTime:0.001600s ]
INFO: [ app_end ] --END-- [ RunTime:0.001698s ]

[ 2018-12-05T16:52:36+08:00 ] ::1 /zzhclass/index.php?s=/Home/Index/index
INFO: [ app_init ] --START--
INFO: Run Behavior\BuildLiteBehavior [ RunTime:0.000026s ]
INFO: [ app_init ] --END-- [ RunTime:0.001253s ]
INFO: [ app_begin ] --START--
INFO: Run Behavior\ReadHtmlCacheBehavior [ RunTime:0.001770s ]
INFO: [ app_begin ] --END-- [ RunTime:0.001939s ]
INFO: [ view_parse ] --START--
INFO: Run Behavior\ParseTemplateBehavior [ RunTime:0.001577s ]
INFO: [ view_parse ] --END-- [ RunTime:0.001711s ]
INFO: [ view_filter ] --START--
INFO: Run Behavior\WriteHtmlCacheBehavior [ RunTime:0.002411s ]
INFO: [ view_filter ] --END-- [ RunTime:0.002512s ]
INFO: [ app_end ] --START--
INFO: Run Behavior\ShowPageTraceBehavior [ RunTime:0.001639s ]
INFO: [ app_end ] --END-- [ RunTime:0.001735s ]

[ 2018-12-05T16:52:44+08:00 ] ::1 /zzhclass/index.php?s=/Home/Index/index1
INFO: [ app_init ] --START--
INFO: Run Behavior\BuildLiteBehavior [ RunTime:0.000025s ]
INFO: [ app_init ] --END-- [ RunTime:0.001095s ]
INFO: [ app_begin ] --START--
INFO: Run Behavior\ReadHtmlCacheBehavior [ RunTime:0.001860s ]
INFO: [ app_begin ] --END-- [ RunTime:0.001977s ]
ERR: 非法操作:index1

[ 2018-12-05T16:52:47+08:00 ] ::1 /zzhclass/index.php?s=/Home/Index/index
INFO: [ app_init ] --START--
INFO: Run Behavior\BuildLiteBehavior [ RunTime:0.000025s ]
INFO: [ app_init ] --END-- [ RunTime:0.001368s ]
INFO: [ app_begin ] --START--
INFO: Run Behavior\ReadHtmlCacheBehavior [ RunTime:0.001436s ]
INFO: [ app_begin ] --END-- [ RunTime:0.001557s ]
INFO: [ view_parse ] --START--
INFO: Run Behavior\ParseTemplateBehavior [ RunTime:0.001692s ]
INFO: [ view_parse ] --END-- [ RunTime:0.001893s ]
INFO: [ view_filter ] --START--
INFO: Run Behavior\WriteHtmlCacheBehavior [ RunTime:0.002073s ]
INFO: [ view_filter ] --END-- [ RunTime:0.002172s ]
INFO: [ app_end ] --START--
INFO: Run Behavior\ShowPageTraceBehavior [ RunTime:0.001646s ]
INFO: [ app_end ] --END-- [ RunTime:0.001747s ]

[ 2018-12-05T17:04:06+08:00 ] ::1 /zzhclass/index.php/Home/Index/index
INFO: [ app_init ] --START--
INFO: Run Behavior\BuildLiteBehavior [ RunTime:0.000023s ]
INFO: [ app_init ] --END-- [ RunTime:0.001006s ]
INFO: [ app_begin ] --START--
INFO: Run Behavior\ReadHtmlCacheBehavior [ RunTime:0.001778s ]
INFO: [ app_begin ] --END-- [ RunTime:0.001894s ]
INFO: [ view_parse ] --START--
INFO: Run Behavior\ParseTemplateBehavior [ RunTime:0.001654s ]
INFO: [ view_parse ] --END-- [ RunTime:0.001766s ]
INFO: [ view_filter ] --START--
INFO: Run Behavior\WriteHtmlCacheBehavior [ RunTime:0.001587s ]
INFO: [ view_filter ] --END-- [ RunTime:0.001683s ]
INFO: [ app_end ] --START--
INFO: Run Behavior\ShowPageTraceBehavior [ RunTime:0.001652s ]
INFO: [ app_end ] --END-- [ RunTime:0.001751s ]

[ 2018-12-05T17:05:36+08:00 ] ::1 /zzhclass/index.php/Home/Index/index
INFO: [ app_init ] --START--
INFO: Run Behavior\BuildLiteBehavior [ RunTime:0.000024s ]
INFO: [ app_init ] --END-- [ RunTime:0.001128s ]
INFO: [ app_begin ] --START--
INFO: Run Behavior\ReadHtmlCacheBehavior [ RunTime:0.001769s ]
INFO: [ app_begin ] --END-- [ RunTime:0.001875s ]
INFO: [ view_parse ] --START--
INFO: Run Behavior\ParseTemplateBehavior [ RunTime:0.001844s ]
INFO: [ view_parse ] --END-- [ RunTime:0.001968s ]
INFO: [ view_filter ] --START--
INFO: Run Behavior\WriteHtmlCacheBehavior [ RunTime:0.001550s ]
INFO: [ view_filter ] --END-- [ RunTime:0.001652s ]
INFO: [ app_end ] --START--
INFO: Run Behavior\ShowPageTraceBehavior [ RunTime:0.001618s ]
INFO: [ app_end ] --END-- [ RunTime:0.001717s ]

[ 2018-12-05T17:48:58+08:00 ] ::1 /zzhclass/index.php/Home/Index/index
INFO: [ app_init ] --START--
INFO: Run Behavior\BuildLiteBehavior [ RunTime:0.000022s ]
INFO: [ app_init ] --END-- [ RunTime:0.001029s ]
INFO: [ app_begin ] --START--
INFO: Run Behavior\ReadHtmlCacheBehavior [ RunTime:0.001806s ]
INFO: [ app_begin ] --END-- [ RunTime:0.001932s ]
INFO: [ view_parse ] --START--
INFO: Run Behavior\ParseTemplateBehavior [ RunTime:0.001478s ]
INFO: [ view_parse ] --END-- [ RunTime:0.001597s ]
INFO: [ view_filter ] --START--
INFO: Run Behavior\WriteHtmlCacheBehavior [ RunTime:0.001420s ]
INFO: [ view_filter ] --END-- [ RunTime:0.001521s ]
INFO: [ app_end ] --START--
INFO: Run Behavior\ShowPageTraceBehavior [ RunTime:0.001595s ]
INFO: [ app_end ] --END-- [ RunTime:0.001697s ]

[ 2018-12-05T17:55:37+08:00 ] ::1 /zzhclass/index.php/Home/Index/index
INFO: [ app_init ] --START--
INFO: Run Behavior\BuildLiteBehavior [ RunTime:0.000029s ]
INFO: [ app_init ] --END-- [ RunTime:0.001105s ]
INFO: [ app_begin ] --START--
INFO: Run Behavior\ReadHtmlCacheBehavior [ RunTime:0.001775s ]
INFO: [ app_begin ] --END-- [ RunTime:0.001920s ]
INFO: [ view_parse ] --START--
INFO: Run Behavior\ParseTemplateBehavior [ RunTime:0.002030s ]
INFO: [ view_parse ] --END-- [ RunTime:0.002210s ]
INFO: [ view_filter ] --START--
INFO: Run Behavior\WriteHtmlCacheBehavior [ RunTime:0.002426s ]
INFO: [ view_filter ] --END-- [ RunTime:0.002724s ]
INFO: [ app_end ] --START--
INFO: Run Behavior\ShowPageTraceBehavior [ RunTime:0.002248s ]
INFO: [ app_end ] --END-- [ RunTime:0.002653s ]

[ 2018-12-05T18:02:59+08:00 ] ::1 /zzhclass/index.php/Home/Index/index
INFO: [ app_init ] --START--
INFO: Run Behavior\BuildLiteBehavior [ RunTime:0.000023s ]
INFO: [ app_init ] --END-- [ RunTime:0.001188s ]
INFO: [ app_begin ] --START--
INFO: Run Behavior\ReadHtmlCacheBehavior [ RunTime:0.001808s ]
INFO: [ app_begin ] --END-- [ RunTime:0.001928s ]
INFO: [ view_parse ] --START--
INFO: Run Behavior\ParseTemplateBehavior [ RunTime:0.001630s ]
INFO: [ view_parse ] --END-- [ RunTime:0.001895s ]
INFO: [ view_filter ] --START--
INFO: Run Behavior\WriteHtmlCacheBehavior [ RunTime:0.001517s ]
INFO: [ view_filter ] --END-- [ RunTime:0.001622s ]
INFO: [ app_end ] --START--
INFO: Run Behavior\ShowPageTraceBehavior [ RunTime:0.001638s ]
INFO: [ app_end ] --END-- [ RunTime:0.001739s ]

[ 2018-12-05T18:03:06+08:00 ] ::1 /zzhclass/index.php/Home/Index/urls
INFO: [ app_init ] --START--
INFO: Run Behavior\BuildLiteBehavior [ RunTime:0.000023s ]
INFO: [ app_init ] --END-- [ RunTime:0.004850s ]
INFO: [ app_begin ] --START--
INFO: Run Behavior\ReadHtmlCacheBehavior [ RunTime:0.002051s ]
INFO: [ app_begin ] --END-- [ RunTime:0.002170s ]
INFO: [ app_end ] --START--
INFO: Run Behavior\ShowPageTraceBehavior [ RunTime:0.003249s ]
INFO: [ app_end ] --END-- [ RunTime:0.004044s ]

